<?xml version="1.0" encoding="UTF-8"?>
<robot generator="Robot 6.0.2 (Python 3.11.4 on darwin)" generated="20231204 07:52:20.830" rpa="false" schemaversion="3">
<suite id="s1" name="Tests" source="/Users/macbookpro/Documents/Project/karirlab/tests">
<suite id="s1-s1" name="Admin" source="/Users/macbookpro/Documents/Project/karirlab/tests/admin">
<suite id="s1-s1-s1" name="Login" source="/Users/macbookpro/Documents/Project/karirlab/tests/admin/login.robot">
<test id="s1-s1-s1-t1" name="Open Login page" line="8">
<kw name="Wait Until Element Contains" library="SeleniumLibrary">
<arg>xpath://*[@id="__next"]/div/div[2]/div/div/h3</arg>
<arg>${ADMIN_TEXT_PAGE}</arg>
<doc>Waits until the element ``locator`` contains ``text``.</doc>
<msg timestamp="20231204 07:52:20.906" level="INFO">Cannot capture screenshot because no browser is open.</msg>
<msg timestamp="20231204 07:52:20.906" level="FAIL">No browser is open.</msg>
<status status="FAIL" starttime="20231204 07:52:20.906" endtime="20231204 07:52:20.908"/>
</kw>
<kw name="Wait Until Element Is Enabled" library="SeleniumLibrary">
<arg>${ADMIN_FIELD_EMAIL}</arg>
<doc>Waits until the element ``locator`` is enabled.</doc>
<status status="NOT RUN" starttime="20231204 07:52:20.908" endtime="20231204 07:52:20.908"/>
</kw>
<kw name="Wait Until Element Is Enabled" library="SeleniumLibrary">
<arg>${ADMIN_FIELD_PASSWORD}</arg>
<doc>Waits until the element ``locator`` is enabled.</doc>
<status status="NOT RUN" starttime="20231204 07:52:20.908" endtime="20231204 07:52:20.908"/>
</kw>
<kw name="Wait Until Element Is Enabled" library="SeleniumLibrary">
<arg>${ADMIN_BUTTON_LOGIN}</arg>
<doc>Waits until the element ``locator`` is enabled.</doc>
<status status="NOT RUN" starttime="20231204 07:52:20.908" endtime="20231204 07:52:20.908"/>
</kw>
<kw name="Click Element" library="SeleniumLibrary">
<arg>${ADMIN_FIELD_EMAIL}</arg>
<doc>Click the element identified by ``locator``.</doc>
<status status="NOT RUN" starttime="20231204 07:52:20.908" endtime="20231204 07:52:20.908"/>
</kw>
<kw name="Input Text" library="SeleniumLibrary">
<arg>${ADMIN_FIELD_EMAIL}</arg>
<arg>${LOGIN_ADMIN_EMAIL}</arg>
<doc>Types the given ``text`` into the text field identified by ``locator``.</doc>
<status status="NOT RUN" starttime="20231204 07:52:20.908" endtime="20231204 07:52:20.908"/>
</kw>
<kw name="Click Element" library="SeleniumLibrary">
<arg>${ADMIN_FIELD_PASSWORD}</arg>
<doc>Click the element identified by ``locator``.</doc>
<status status="NOT RUN" starttime="20231204 07:52:20.908" endtime="20231204 07:52:20.908"/>
</kw>
<kw name="Input Text" library="SeleniumLibrary">
<arg>${ADMIN_FIELD_PASSWORD}</arg>
<arg>${LOGIN_ADMIN_EMAIL}</arg>
<doc>Types the given ``text`` into the text field identified by ``locator``.</doc>
<status status="NOT RUN" starttime="20231204 07:52:20.908" endtime="20231204 07:52:20.908"/>
</kw>
<kw name="Click Element" library="SeleniumLibrary">
<arg>${ADMIN_BUTTON_LOGIN}</arg>
<doc>Click the element identified by ``locator``.</doc>
<status status="NOT RUN" starttime="20231204 07:52:20.909" endtime="20231204 07:52:20.909"/>
</kw>
<status status="FAIL" starttime="20231204 07:52:20.906" endtime="20231204 07:52:20.909">No browser is open.</status>
</test>
<test id="s1-s1-s1-t2" name="Close Browser" line="21">
<kw name="Close Browser" library="SeleniumLibrary">
<doc>Closes the current browser.</doc>
<status status="PASS" starttime="20231204 07:52:20.909" endtime="20231204 07:52:20.909"/>
</kw>
<status status="PASS" starttime="20231204 07:52:20.909" endtime="20231204 07:52:20.909"/>
</test>
<status status="FAIL" starttime="20231204 07:52:20.838" endtime="20231204 07:52:20.909"/>
</suite>
<status status="FAIL" starttime="20231204 07:52:20.837" endtime="20231204 07:52:20.909"/>
</suite>
<suite id="s1-s2" name="Browser" source="/Users/macbookpro/Documents/Project/karirlab/tests/browser.robot">
<test id="s1-s2-t1" name="Open Browser" line="6">
<kw name="Open Browser" library="SeleniumLibrary">
<arg>${LOGIN_URL}</arg>
<arg>${BROWSER}</arg>
<doc>Opens a new browser instance to the optional ``url``.</doc>
<msg timestamp="20231204 07:52:20.911" level="INFO">Opening browser 'Chrome' to base url 'https://dev.karirlab.co'.</msg>
<status status="PASS" starttime="20231204 07:52:20.910" endtime="20231204 07:52:26.480"/>
</kw>
<kw name="Maximize Browser Window" library="SeleniumLibrary">
<doc>Maximizes current browser window.</doc>
<status status="PASS" starttime="20231204 07:52:26.480" endtime="20231204 07:52:26.914"/>
</kw>
<status status="PASS" starttime="20231204 07:52:20.910" endtime="20231204 07:52:26.914"/>
</test>
<status status="PASS" starttime="20231204 07:52:20.910" endtime="20231204 07:52:26.914"/>
</suite>
<suite id="s1-s3" name="Landing Page" source="/Users/macbookpro/Documents/Project/karirlab/tests/landing_page.robot">
<test id="s1-s3-t1" name="Landing Page" line="13">
<kw name="Wait Until Element Is Visible" library="SeleniumLibrary">
<arg>xpath:/html/body/div[2]/div/div[2]/div/div[2]/div</arg>
<doc>Waits until the element ``locator`` is visible.</doc>
<status status="PASS" starttime="20231204 07:52:26.919" endtime="20231204 07:52:26.933"/>
</kw>
<kw name="Wait Until Element Is Enabled" library="SeleniumLibrary">
<arg>xpath:/html/body/div[2]/div/div[2]/div/div[2]/button</arg>
<doc>Waits until the element ``locator`` is enabled.</doc>
<status status="PASS" starttime="20231204 07:52:26.933" endtime="20231204 07:52:26.948"/>
</kw>
<kw name="Click Element" library="SeleniumLibrary">
<arg>xpath:/html/body/div[2]/div/div[2]/div/div[2]/button</arg>
<doc>Click the element identified by ``locator``.</doc>
<msg timestamp="20231204 07:52:26.948" level="INFO">Clicking element 'xpath:/html/body/div[2]/div/div[2]/div/div[2]/button'.</msg>
<status status="PASS" starttime="20231204 07:52:26.948" endtime="20231204 07:52:26.977"/>
</kw>
<kw name="Wait Until Element Is Visible" library="SeleniumLibrary">
<arg>${BUTTON_LOGIN}</arg>
<arg>5</arg>
<doc>Waits until the element ``locator`` is visible.</doc>
<status status="PASS" starttime="20231204 07:52:26.977" endtime="20231204 07:52:26.992"/>
</kw>
<kw name="Click Element" library="SeleniumLibrary">
<arg>${BUTTON_LOGIN}</arg>
<doc>Click the element identified by ``locator``.</doc>
<msg timestamp="20231204 07:52:26.992" level="INFO">Clicking element '//*[@id="__next"]/section/header/div[2]/ul/li[7]/span/a'.</msg>
<status status="PASS" starttime="20231204 07:52:26.992" endtime="20231204 07:52:27.259"/>
</kw>
<status status="PASS" starttime="20231204 07:52:26.919" endtime="20231204 07:52:27.259"/>
</test>
<test id="s1-s3-t2" name="Login Page" line="20">
<kw name="Wait Until Element Is Visible" library="SeleniumLibrary">
<arg>${USERNAME_USER}</arg>
<doc>Waits until the element ``locator`` is visible.</doc>
<status status="PASS" starttime="20231204 07:52:27.260" endtime="20231204 07:52:27.483"/>
</kw>
<kw name="Click Element" library="SeleniumLibrary">
<arg>${USERNAME_USER}</arg>
<doc>Click the element identified by ``locator``.</doc>
<msg timestamp="20231204 07:52:27.484" level="INFO">Clicking element 'id:username'.</msg>
<status status="PASS" starttime="20231204 07:52:27.484" endtime="20231204 07:52:27.512"/>
</kw>
<kw name="Input Text" library="SeleniumLibrary">
<arg>${USERNAME_USER}</arg>
<arg>${USERNAME}</arg>
<doc>Types the given ``text`` into the text field identified by ``locator``.</doc>
<msg timestamp="20231204 07:52:27.513" level="INFO">Typing text 'siapaboleh5@gmail.com' into text field 'id:username'.</msg>
<status status="PASS" starttime="20231204 07:52:27.513" endtime="20231204 07:52:27.675"/>
</kw>
<kw name="Wait Until Element Is Visible" library="SeleniumLibrary">
<arg>${PASSWORD_USER}</arg>
<doc>Waits until the element ``locator`` is visible.</doc>
<status status="PASS" starttime="20231204 07:52:27.675" endtime="20231204 07:52:27.684"/>
</kw>
<kw name="Click Element" library="SeleniumLibrary">
<arg>${PASSWORD_USER}</arg>
<doc>Click the element identified by ``locator``.</doc>
<msg timestamp="20231204 07:52:27.684" level="INFO">Clicking element 'id:password'.</msg>
<status status="PASS" starttime="20231204 07:52:27.684" endtime="20231204 07:52:27.711"/>
</kw>
<kw name="Input Text" library="SeleniumLibrary">
<arg>${PASSWORD_USER}</arg>
<arg>${PASSWORD}</arg>
<doc>Types the given ``text`` into the text field identified by ``locator``.</doc>
<msg timestamp="20231204 07:52:27.711" level="INFO">Typing text '123456' into text field 'id:password'.</msg>
<status status="PASS" starttime="20231204 07:52:27.711" endtime="20231204 07:52:27.744"/>
</kw>
<kw name="Press Keys" library="SeleniumLibrary">
<arg>${PASSWORD_USER}</arg>
<arg>ENTER</arg>
<doc>Simulates the user pressing key(s) to an element or on the active browser.</doc>
<msg timestamp="20231204 07:52:27.745" level="INFO">Sending key(s) ('ENTER',) to id:password element.</msg>
<msg timestamp="20231204 07:52:28.029" level="INFO">Pressing special key ENTER to element.</msg>
<msg timestamp="20231204 07:52:28.029" level="INFO">Releasing special key ENTER.</msg>
<status status="PASS" starttime="20231204 07:52:27.744" endtime="20231204 07:52:28.046"/>
</kw>
<status status="PASS" starttime="20231204 07:52:27.259" endtime="20231204 07:52:28.046"/>
</test>
<test id="s1-s3-t3" name="Dashboard" line="34">
<kw name="Wait Until Element Is Visible" library="SeleniumLibrary">
<arg>//*[@id="__next"]/section/main/div/div/section/section/div/div[1]/div/a/button</arg>
<doc>Waits until the element ``locator`` is visible.</doc>
<status status="PASS" starttime="20231204 07:52:28.046" endtime="20231204 07:52:28.693"/>
</kw>
<kw name="Click Element" library="SeleniumLibrary">
<arg>//*[@id="__next"]/section/main/div/div/section/section/div/div[1]/div/a/button</arg>
<doc>Click the element identified by ``locator``.</doc>
<msg timestamp="20231204 07:52:28.693" level="INFO">Clicking element '//*[@id="__next"]/section/main/div/div/section/section/div/div[1]/div/a/button'.</msg>
<status status="PASS" starttime="20231204 07:52:28.693" endtime="20231204 07:52:28.717"/>
</kw>
<kw name="Sleep" library="BuiltIn">
<arg>3s</arg>
<doc>Pauses the test executed for the given time.</doc>
<msg timestamp="20231204 07:52:31.720" level="INFO">Slept 3 seconds</msg>
<status status="PASS" starttime="20231204 07:52:28.717" endtime="20231204 07:52:31.720"/>
</kw>
<status status="PASS" starttime="20231204 07:52:28.046" endtime="20231204 07:52:31.721"/>
</test>
<test id="s1-s3-t4" name="Resume Builder - Modal" line="39">
<kw name="Wait Until Page Contains Element" library="SeleniumLibrary">
<arg>xpath:/html/body</arg>
<doc>Waits until the element ``locator`` appears on the current page.</doc>
<status status="PASS" starttime="20231204 07:52:31.723" endtime="20231204 07:52:31.740"/>
</kw>
<kw name="Click Element" library="SeleniumLibrary">
<arg>xpath:/html/body</arg>
<doc>Click the element identified by ``locator``.</doc>
<msg timestamp="20231204 07:52:31.740" level="INFO">Clicking element 'xpath:/html/body'.</msg>
<status status="PASS" starttime="20231204 07:52:31.740" endtime="20231204 07:52:31.773"/>
</kw>
<kw name="Sleep" library="BuiltIn">
<arg>2s</arg>
<doc>Pauses the test executed for the given time.</doc>
<msg timestamp="20231204 07:52:33.774" level="INFO">Slept 2 seconds</msg>
<status status="PASS" starttime="20231204 07:52:31.773" endtime="20231204 07:52:33.774"/>
</kw>
<kw name="Wait Until Page Contains Element" library="SeleniumLibrary">
<arg>xpath:/html/body/div[3]/div/div[2]/div</arg>
<doc>Waits until the element ``locator`` appears on the current page.</doc>
<msg timestamp="20231204 07:52:39.099" level="INFO" html="true">&lt;/td&gt;&lt;/tr&gt;&lt;tr&gt;&lt;td colspan="3"&gt;&lt;a href="selenium-screenshot-1.png"&gt;&lt;img src="selenium-screenshot-1.png" width="800px"&gt;&lt;/a&gt;</msg>
<msg timestamp="20231204 07:52:39.099" level="FAIL">Element 'xpath:/html/body/div[3]/div/div[2]/div' did not appear in 5 seconds.</msg>
<status status="FAIL" starttime="20231204 07:52:33.775" endtime="20231204 07:52:39.099"/>
</kw>
<kw name="Set Focus To Element" library="SeleniumLibrary">
<arg>xpath:/html/body/div[3]/div/div[2]/div</arg>
<doc>Sets the focus to the element identified by ``locator``.</doc>
<status status="NOT RUN" starttime="20231204 07:52:39.100" endtime="20231204 07:52:39.100"/>
</kw>
<kw name="Sleep" library="BuiltIn">
<arg>2s</arg>
<doc>Pauses the test executed for the given time.</doc>
<status status="NOT RUN" starttime="20231204 07:52:39.100" endtime="20231204 07:52:39.100"/>
</kw>
<kw name="Wait Until Page Contains" library="SeleniumLibrary">
<arg>Isi Otomatis</arg>
<doc>Waits until ``text`` appears on the current page.</doc>
<status status="NOT RUN" starttime="20231204 07:52:39.100" endtime="20231204 07:52:39.100"/>
</kw>
<kw name="Sleep" library="BuiltIn">
<arg>2s</arg>
<doc>Pauses the test executed for the given time.</doc>
<status status="NOT RUN" starttime="20231204 07:52:39.100" endtime="20231204 07:52:39.100"/>
</kw>
<kw name="Wait Until Element Is Visible" library="SeleniumLibrary">
<arg>xpath:/html/body/div[3]/div/div[2]/div/div[2]/button</arg>
<doc>Waits until the element ``locator`` is visible.</doc>
<status status="NOT RUN" starttime="20231204 07:52:39.100" endtime="20231204 07:52:39.100"/>
</kw>
<kw name="Sleep" library="BuiltIn">
<arg>2s</arg>
<doc>Pauses the test executed for the given time.</doc>
<status status="NOT RUN" starttime="20231204 07:52:39.100" endtime="20231204 07:52:39.100"/>
</kw>
<kw name="Click Element" library="SeleniumLibrary">
<arg>xpath:/html/body/div[3]/div/div[2]/div/div[2]/button</arg>
<doc>Click the element identified by ``locator``.</doc>
<status status="NOT RUN" starttime="20231204 07:52:39.100" endtime="20231204 07:52:39.100"/>
</kw>
<kw name="Sleep" library="BuiltIn">
<arg>2s</arg>
<doc>Pauses the test executed for the given time.</doc>
<status status="NOT RUN" starttime="20231204 07:52:39.100" endtime="20231204 07:52:39.100"/>
</kw>
<status status="FAIL" starttime="20231204 07:52:31.722" endtime="20231204 07:52:39.100">Element 'xpath:/html/body/div[3]/div/div[2]/div' did not appear in 5 seconds.</status>
</test>
<test id="s1-s3-t5" name="Resume Builder - Step 1" line="53">
<kw name="Wait Until Page Contains Element" library="SeleniumLibrary">
<arg>xpath:/html/body</arg>
<doc>Waits until the element ``locator`` appears on the current page.</doc>
<status status="PASS" starttime="20231204 07:52:39.100" endtime="20231204 07:52:39.104"/>
</kw>
<kw name="Click Element" library="SeleniumLibrary">
<arg>xpath:/html/body</arg>
<doc>Click the element identified by ``locator``.</doc>
<msg timestamp="20231204 07:52:39.104" level="INFO">Clicking element 'xpath:/html/body'.</msg>
<status status="PASS" starttime="20231204 07:52:39.104" endtime="20231204 07:52:39.118"/>
</kw>
<kw name="Sleep" library="BuiltIn">
<arg>2s</arg>
<doc>Pauses the test executed for the given time.</doc>
<msg timestamp="20231204 07:52:41.120" level="INFO">Slept 2 seconds</msg>
<status status="PASS" starttime="20231204 07:52:39.119" endtime="20231204 07:52:41.121"/>
</kw>
<kw name="Wait Until Element Is Visible" library="SeleniumLibrary">
<arg>//*[@id="title"]</arg>
<doc>Waits until the element ``locator`` is visible.</doc>
<msg timestamp="20231204 07:52:41.125" level="WARN">Keyword 'Capture Page Screenshot' could not be run on failure: Message: no such window: target window already closed
from unknown error: web view not found
  (Session info: chrome=119.0.6045.199)
Stacktrace:
0   chromedriver                        0x000000010306a004 chromedriver + 4169732
1   chromedriver                        0x0000000103061ff8 chromedriver + 4136952
2   chromedriver                        0x0000000102cb7500 chromedriver + 292096
3   chromedriver                        0x0000000102c902d8 chromedriver + 131800
4   chromedriver                        0x0000000102d23f68 chromedriver + 737128
5   chromedriver                        0x0000000102d36fac chromedriver + 815020
6   chromedriver                        0x0000000102cf05e8 chromedriver + 525800
7   chromedriver                        0x0000000102cf14b8 chromedriver + 529592
8   chromedriver                        0x0000000103030334 chromedriver + 3932980
9   chromedriver                        0x0000000103034970 chromedriver + 3950960
10  chromedriver                        0x0000000103018774 chromedriver + 3835764
11  chromedriver                        0x0000000103035478 chromedriver + 3953784
12  chromedriver                        0x000000010300aab4 chromedriver + 3779252
13  chromedriver                        0x0000000103051914 chromedriver + 4069652
14  chromedriver                        0x0000000103051a90 chromedriver + 4070032
15  chromedriver                        0x0000000103061c70 chromedriver + 4136048
16  libsystem_pthread.dylib             0x0000000191227fa8 _pthread_start + 148
17  libsystem_pthread.dylib             0x0000000191222da0 thread_start + 8
</msg>
<msg timestamp="20231204 07:52:41.126" level="FAIL">NoSuchWindowException: Message: no such window: target window already closed
from unknown error: web view not found
  (Session info: chrome=119.0.6045.199)
Stacktrace:
0   chromedriver                        0x000000010306a004 chromedriver + 4169732
1   chromedriver                        0x0000000103061ff8 chromedriver + 4136952
2   chromedriver                        0x0000000102cb7500 chromedriver + 292096
3   chromedriver                        0x0000000102c902d8 chromedriver + 131800
4   chromedriver                        0x0000000102d23f68 chromedriver + 737128
5   chromedriver                        0x0000000102d36fac chromedriver + 815020
6   chromedriver                        0x0000000102cf05e8 chromedriver + 525800
7   chromedriver                        0x0000000102cf14b8 chromedriver + 529592
8   chromedriver                        0x0000000103030334 chromedriver + 3932980
9   chromedriver                        0x0000000103034970 chromedriver + 3950960
10  chromedriver                        0x0000000103018774 chromedriver + 3835764
11  chromedriver                        0x0000000103035478 chromedriver + 3953784
12  chromedriver                        0x000000010300aab4 chromedriver + 3779252
13  chromedriver                        0x0000000103051914 chromedriver + 4069652
14  chromedriver                        0x0000000103051a90 chromedriver + 4070032
15  chromedriver                        0x0000000103061c70 chromedriver + 4136048
16  libsystem_pthread.dylib             0x0000000191227fa8 _pthread_start + 148
17  libsystem_pthread.dylib             0x0000000191222da0 thread_start + 8
</msg>
<status status="FAIL" starttime="20231204 07:52:41.121" endtime="20231204 07:52:41.130"/>
</kw>
<kw name="Click Element" library="SeleniumLibrary">
<arg>//*[@id="title"]</arg>
<doc>Click the element identified by ``locator``.</doc>
<status status="NOT RUN" starttime="20231204 07:52:41.131" endtime="20231204 07:52:41.131"/>
</kw>
<kw name="Input Text" library="SeleniumLibrary">
<arg>//*[@id="title"]</arg>
<arg>Fardilah Test Automation</arg>
<doc>Types the given ``text`` into the text field identified by ``locator``.</doc>
<status status="NOT RUN" starttime="20231204 07:52:41.131" endtime="20231204 07:52:41.131"/>
</kw>
<kw name="Wait Until Page Contains Element" library="SeleniumLibrary">
<arg>xpath://*[@id="__next"]/section/main/div/div/form/div/div[1]/div/div/div[2]/div</arg>
<doc>Waits until the element ``locator`` appears on the current page.</doc>
<status status="NOT RUN" starttime="20231204 07:52:41.131" endtime="20231204 07:52:41.131"/>
</kw>
<kw name="Click Element" library="SeleniumLibrary">
<arg>xpath://*[@id="__next"]/section/main/div/div/form/div/div[1]/div/div/div[2]/div</arg>
<doc>Click the element identified by ``locator``.</doc>
<status status="NOT RUN" starttime="20231204 07:52:41.131" endtime="20231204 07:52:41.131"/>
</kw>
<status status="FAIL" starttime="20231204 07:52:39.100" endtime="20231204 07:52:41.131">NoSuchWindowException: Message: no such window: target window already closed
from unknown error: web view not found
  (Session info: chrome=119.0.6045.199)
Stacktrace:
0   chromedriver                        0x000000010306a004 chromedriver + 4169732
1   chromedriver                        0x0000000103061ff8 chromedriver + 4136952
2   chromedriver                        0x0000000102cb7500 chromedriver + 292096
3   chromedriver                        0x0000000102c902d8 chromedriver + 131800
4   chromedriver                        0x0000000102d23f68 chromedriver + 737128
5   chromedriver                        0x0000000102d36fac chromedriver + 815020
6   chromedriver                        0x0000000102cf05e8 chromedriver + 525800
7   chromedriver                        0x0000000102cf14b8 chromedriver + 529592
8   chromedriver                        0x0000000103030334 chromedriver + 3932980
9   chromedriver                        0x0000000103034970 chromedriver + 3950960
10  chromedriver                        0x0000000103018774 chromedriver + 3835764
11  chromedriver                        0x0000000103035478 chromedriver + 3953784
12  chromedriver                        0x000000010300aab4 chromedriver + 3779252
13  chromedriver                        0x0000000103051914 chromedriver + 4069652
14  chromedriver                        0x0000000103051a90 chromedriver + 4070032
15  chromedriver                        0x0000000103061c70 chromedriver + 4136048
16  libsystem_pthread.dylib             0x0000000191227fa8 _pthread_start + 148
17  libsystem_pthread.dylib             0x0000000191222da0 thread_start + 8
</status>
</test>
<test id="s1-s3-t6" name="Resume Builder - Step 2" line="64">
<kw name="Wait Until Element Is Visible" library="SeleniumLibrary">
<arg>id:first_name</arg>
<doc>Waits until the element ``locator`` is visible.</doc>
<msg timestamp="20231204 07:52:41.135" level="WARN">Keyword 'Capture Page Screenshot' could not be run on failure: Message: no such window: target window already closed
from unknown error: web view not found
  (Session info: chrome=119.0.6045.199)
Stacktrace:
0   chromedriver                        0x000000010306a004 chromedriver + 4169732
1   chromedriver                        0x0000000103061ff8 chromedriver + 4136952
2   chromedriver                        0x0000000102cb7500 chromedriver + 292096
3   chromedriver                        0x0000000102c902d8 chromedriver + 131800
4   chromedriver                        0x0000000102d23f68 chromedriver + 737128
5   chromedriver                        0x0000000102d36fac chromedriver + 815020
6   chromedriver                        0x0000000102cf05e8 chromedriver + 525800
7   chromedriver                        0x0000000102cf14b8 chromedriver + 529592
8   chromedriver                        0x0000000103030334 chromedriver + 3932980
9   chromedriver                        0x0000000103034970 chromedriver + 3950960
10  chromedriver                        0x0000000103018774 chromedriver + 3835764
11  chromedriver                        0x0000000103035478 chromedriver + 3953784
12  chromedriver                        0x000000010300aab4 chromedriver + 3779252
13  chromedriver                        0x0000000103051914 chromedriver + 4069652
14  chromedriver                        0x0000000103051a90 chromedriver + 4070032
15  chromedriver                        0x0000000103061c70 chromedriver + 4136048
16  libsystem_pthread.dylib             0x0000000191227fa8 _pthread_start + 148
17  libsystem_pthread.dylib             0x0000000191222da0 thread_start + 8
</msg>
<msg timestamp="20231204 07:52:41.136" level="FAIL">NoSuchWindowException: Message: no such window: target window already closed
from unknown error: web view not found
  (Session info: chrome=119.0.6045.199)
Stacktrace:
0   chromedriver                        0x000000010306a004 chromedriver + 4169732
1   chromedriver                        0x0000000103061ff8 chromedriver + 4136952
2   chromedriver                        0x0000000102cb7500 chromedriver + 292096
3   chromedriver                        0x0000000102c902d8 chromedriver + 131800
4   chromedriver                        0x0000000102d23f68 chromedriver + 737128
5   chromedriver                        0x0000000102d36fac chromedriver + 815020
6   chromedriver                        0x0000000102cf05e8 chromedriver + 525800
7   chromedriver                        0x0000000102cf14b8 chromedriver + 529592
8   chromedriver                        0x0000000103030334 chromedriver + 3932980
9   chromedriver                        0x0000000103034970 chromedriver + 3950960
10  chromedriver                        0x0000000103018774 chromedriver + 3835764
11  chromedriver                        0x0000000103035478 chromedriver + 3953784
12  chromedriver                        0x000000010300aab4 chromedriver + 3779252
13  chromedriver                        0x0000000103051914 chromedriver + 4069652
14  chromedriver                        0x0000000103051a90 chromedriver + 4070032
15  chromedriver                        0x0000000103061c70 chromedriver + 4136048
16  libsystem_pthread.dylib             0x0000000191227fa8 _pthread_start + 148
17  libsystem_pthread.dylib             0x0000000191222da0 thread_start + 8
</msg>
<status status="FAIL" starttime="20231204 07:52:41.132" endtime="20231204 07:52:41.137"/>
</kw>
<kw name="Click Element" library="SeleniumLibrary">
<arg>id:first_name</arg>
<doc>Click the element identified by ``locator``.</doc>
<status status="NOT RUN" starttime="20231204 07:52:41.137" endtime="20231204 07:52:41.137"/>
</kw>
<kw name="Input Text" library="SeleniumLibrary">
<arg>id:first_name</arg>
<arg>Fardilah</arg>
<doc>Types the given ``text`` into the text field identified by ``locator``.</doc>
<status status="NOT RUN" starttime="20231204 07:52:41.137" endtime="20231204 07:52:41.137"/>
</kw>
<kw name="Wait Until Element Is Visible" library="SeleniumLibrary">
<arg>id:last_name</arg>
<doc>Waits until the element ``locator`` is visible.</doc>
<status status="NOT RUN" starttime="20231204 07:52:41.138" endtime="20231204 07:52:41.138"/>
</kw>
<kw name="Click Element" library="SeleniumLibrary">
<arg>id:last_name</arg>
<doc>Click the element identified by ``locator``.</doc>
<status status="NOT RUN" starttime="20231204 07:52:41.138" endtime="20231204 07:52:41.138"/>
</kw>
<kw name="Input Text" library="SeleniumLibrary">
<arg>id:last_name</arg>
<arg>Test Automation</arg>
<doc>Types the given ``text`` into the text field identified by ``locator``.</doc>
<status status="NOT RUN" starttime="20231204 07:52:41.138" endtime="20231204 07:52:41.138"/>
</kw>
<kw name="Wait Until Element Is Enabled" library="SeleniumLibrary">
<arg>//*[@id="__next"]/section/main/div/div/form/div/div[1]/div/div/div[3]/div</arg>
<doc>Waits until the element ``locator`` is enabled.</doc>
<status status="NOT RUN" starttime="20231204 07:52:41.138" endtime="20231204 07:52:41.138"/>
</kw>
<kw name="Click Element" library="SeleniumLibrary">
<arg>//*[@id="__next"]/section/main/div/div/form/div/div[1]/div/div/div[3]/div</arg>
<doc>Click the element identified by ``locator``.</doc>
<status status="NOT RUN" starttime="20231204 07:52:41.138" endtime="20231204 07:52:41.138"/>
</kw>
<status status="FAIL" starttime="20231204 07:52:41.132" endtime="20231204 07:52:41.138">NoSuchWindowException: Message: no such window: target window already closed
from unknown error: web view not found
  (Session info: chrome=119.0.6045.199)
Stacktrace:
0   chromedriver                        0x000000010306a004 chromedriver + 4169732
1   chromedriver                        0x0000000103061ff8 chromedriver + 4136952
2   chromedriver                        0x0000000102cb7500 chromedriver + 292096
3   chromedriver                        0x0000000102c902d8 chromedriver + 131800
4   chromedriver                        0x0000000102d23f68 chromedriver + 737128
5   chromedriver                        0x0000000102d36fac chromedriver + 815020
6   chromedriver                        0x0000000102cf05e8 chromedriver + 525800
7   chromedriver                        0x0000000102cf14b8 chromedriver + 529592
8   chromedriver                        0x0000000103030334 chromedriver + 3932980
9   chromedriver                        0x0000000103034970 chromedriver + 3950960
10  chromedriver                        0x0000000103018774 chromedriver + 3835764
11  chromedriver                        0x0000000103035478 chromedriver + 3953784
12  chromedriver                        0x000000010300aab4 chromedriver + 3779252
13  chromedriver                        0x0000000103051914 chromedriver + 4069652
14  chromedriver                        0x0000000103051a90 chromedriver + 4070032
15  chromedriver                        0x0000000103061c70 chromedriver + 4136048
16  libsystem_pthread.dylib             0x0000000191227fa8 _pthread_start + 148
17  libsystem_pthread.dylib             0x0000000191222da0 thread_start + 8
</status>
</test>
<test id="s1-s3-t7" name="Resume Builder - Step 3" line="74">
<kw name="Wait Until Element Is Enabled" library="SeleniumLibrary">
<arg>//*[@id="__next"]/section/main/div/div/form/div/div[1]/div/div/div[4]/div</arg>
<doc>Waits until the element ``locator`` is enabled.</doc>
<msg timestamp="20231204 07:52:41.141" level="WARN">Keyword 'Capture Page Screenshot' could not be run on failure: Message: no such window: target window already closed
from unknown error: web view not found
  (Session info: chrome=119.0.6045.199)
Stacktrace:
0   chromedriver                        0x000000010306a004 chromedriver + 4169732
1   chromedriver                        0x0000000103061ff8 chromedriver + 4136952
2   chromedriver                        0x0000000102cb7500 chromedriver + 292096
3   chromedriver                        0x0000000102c902d8 chromedriver + 131800
4   chromedriver                        0x0000000102d23f68 chromedriver + 737128
5   chromedriver                        0x0000000102d36fac chromedriver + 815020
6   chromedriver                        0x0000000102cf05e8 chromedriver + 525800
7   chromedriver                        0x0000000102cf14b8 chromedriver + 529592
8   chromedriver                        0x0000000103030334 chromedriver + 3932980
9   chromedriver                        0x0000000103034970 chromedriver + 3950960
10  chromedriver                        0x0000000103018774 chromedriver + 3835764
11  chromedriver                        0x0000000103035478 chromedriver + 3953784
12  chromedriver                        0x000000010300aab4 chromedriver + 3779252
13  chromedriver                        0x0000000103051914 chromedriver + 4069652
14  chromedriver                        0x0000000103051a90 chromedriver + 4070032
15  chromedriver                        0x0000000103061c70 chromedriver + 4136048
16  libsystem_pthread.dylib             0x0000000191227fa8 _pthread_start + 148
17  libsystem_pthread.dylib             0x0000000191222da0 thread_start + 8
</msg>
<msg timestamp="20231204 07:52:41.142" level="FAIL">NoSuchWindowException: Message: no such window: target window already closed
from unknown error: web view not found
  (Session info: chrome=119.0.6045.199)
Stacktrace:
0   chromedriver                        0x000000010306a004 chromedriver + 4169732
1   chromedriver                        0x0000000103061ff8 chromedriver + 4136952
2   chromedriver                        0x0000000102cb7500 chromedriver + 292096
3   chromedriver                        0x0000000102c902d8 chromedriver + 131800
4   chromedriver                        0x0000000102d23f68 chromedriver + 737128
5   chromedriver                        0x0000000102d36fac chromedriver + 815020
6   chromedriver                        0x0000000102cf05e8 chromedriver + 525800
7   chromedriver                        0x0000000102cf14b8 chromedriver + 529592
8   chromedriver                        0x0000000103030334 chromedriver + 3932980
9   chromedriver                        0x0000000103034970 chromedriver + 3950960
10  chromedriver                        0x0000000103018774 chromedriver + 3835764
11  chromedriver                        0x0000000103035478 chromedriver + 3953784
12  chromedriver                        0x000000010300aab4 chromedriver + 3779252
13  chromedriver                        0x0000000103051914 chromedriver + 4069652
14  chromedriver                        0x0000000103051a90 chromedriver + 4070032
15  chromedriver                        0x0000000103061c70 chromedriver + 4136048
16  libsystem_pthread.dylib             0x0000000191227fa8 _pthread_start + 148
17  libsystem_pthread.dylib             0x0000000191222da0 thread_start + 8
</msg>
<status status="FAIL" starttime="20231204 07:52:41.139" endtime="20231204 07:52:41.143"/>
</kw>
<kw name="Click Element" library="SeleniumLibrary">
<arg>//*[@id="__next"]/section/main/div/div/form/div/div[1]/div/div/div[4]/div</arg>
<doc>Click the element identified by ``locator``.</doc>
<status status="NOT RUN" starttime="20231204 07:52:41.143" endtime="20231204 07:52:41.144"/>
</kw>
<status status="FAIL" starttime="20231204 07:52:41.139" endtime="20231204 07:52:41.144">NoSuchWindowException: Message: no such window: target window already closed
from unknown error: web view not found
  (Session info: chrome=119.0.6045.199)
Stacktrace:
0   chromedriver                        0x000000010306a004 chromedriver + 4169732
1   chromedriver                        0x0000000103061ff8 chromedriver + 4136952
2   chromedriver                        0x0000000102cb7500 chromedriver + 292096
3   chromedriver                        0x0000000102c902d8 chromedriver + 131800
4   chromedriver                        0x0000000102d23f68 chromedriver + 737128
5   chromedriver                        0x0000000102d36fac chromedriver + 815020
6   chromedriver                        0x0000000102cf05e8 chromedriver + 525800
7   chromedriver                        0x0000000102cf14b8 chromedriver + 529592
8   chromedriver                        0x0000000103030334 chromedriver + 3932980
9   chromedriver                        0x0000000103034970 chromedriver + 3950960
10  chromedriver                        0x0000000103018774 chromedriver + 3835764
11  chromedriver                        0x0000000103035478 chromedriver + 3953784
12  chromedriver                        0x000000010300aab4 chromedriver + 3779252
13  chromedriver                        0x0000000103051914 chromedriver + 4069652
14  chromedriver                        0x0000000103051a90 chromedriver + 4070032
15  chromedriver                        0x0000000103061c70 chromedriver + 4136048
16  libsystem_pthread.dylib             0x0000000191227fa8 _pthread_start + 148
17  libsystem_pthread.dylib             0x0000000191222da0 thread_start + 8
</status>
</test>
<test id="s1-s3-t8" name="Resume Builder - Step 4" line="78">
<kw name="Wait Until Element Is Enabled" library="SeleniumLibrary">
<arg>//*[@id="__next"]/section/main/div/div/form/div/div[1]/div/div/div[5]/div</arg>
<doc>Waits until the element ``locator`` is enabled.</doc>
<msg timestamp="20231204 07:52:41.147" level="WARN">Keyword 'Capture Page Screenshot' could not be run on failure: Message: no such window: target window already closed
from unknown error: web view not found
  (Session info: chrome=119.0.6045.199)
Stacktrace:
0   chromedriver                        0x000000010306a004 chromedriver + 4169732
1   chromedriver                        0x0000000103061ff8 chromedriver + 4136952
2   chromedriver                        0x0000000102cb7500 chromedriver + 292096
3   chromedriver                        0x0000000102c902d8 chromedriver + 131800
4   chromedriver                        0x0000000102d23f68 chromedriver + 737128
5   chromedriver                        0x0000000102d36fac chromedriver + 815020
6   chromedriver                        0x0000000102cf05e8 chromedriver + 525800
7   chromedriver                        0x0000000102cf14b8 chromedriver + 529592
8   chromedriver                        0x0000000103030334 chromedriver + 3932980
9   chromedriver                        0x0000000103034970 chromedriver + 3950960
10  chromedriver                        0x0000000103018774 chromedriver + 3835764
11  chromedriver                        0x0000000103035478 chromedriver + 3953784
12  chromedriver                        0x000000010300aab4 chromedriver + 3779252
13  chromedriver                        0x0000000103051914 chromedriver + 4069652
14  chromedriver                        0x0000000103051a90 chromedriver + 4070032
15  chromedriver                        0x0000000103061c70 chromedriver + 4136048
16  libsystem_pthread.dylib             0x0000000191227fa8 _pthread_start + 148
17  libsystem_pthread.dylib             0x0000000191222da0 thread_start + 8
</msg>
<msg timestamp="20231204 07:52:41.147" level="FAIL">NoSuchWindowException: Message: no such window: target window already closed
from unknown error: web view not found
  (Session info: chrome=119.0.6045.199)
Stacktrace:
0   chromedriver                        0x000000010306a004 chromedriver + 4169732
1   chromedriver                        0x0000000103061ff8 chromedriver + 4136952
2   chromedriver                        0x0000000102cb7500 chromedriver + 292096
3   chromedriver                        0x0000000102c902d8 chromedriver + 131800
4   chromedriver                        0x0000000102d23f68 chromedriver + 737128
5   chromedriver                        0x0000000102d36fac chromedriver + 815020
6   chromedriver                        0x0000000102cf05e8 chromedriver + 525800
7   chromedriver                        0x0000000102cf14b8 chromedriver + 529592
8   chromedriver                        0x0000000103030334 chromedriver + 3932980
9   chromedriver                        0x0000000103034970 chromedriver + 3950960
10  chromedriver                        0x0000000103018774 chromedriver + 3835764
11  chromedriver                        0x0000000103035478 chromedriver + 3953784
12  chromedriver                        0x000000010300aab4 chromedriver + 3779252
13  chromedriver                        0x0000000103051914 chromedriver + 4069652
14  chromedriver                        0x0000000103051a90 chromedriver + 4070032
15  chromedriver                        0x0000000103061c70 chromedriver + 4136048
16  libsystem_pthread.dylib             0x0000000191227fa8 _pthread_start + 148
17  libsystem_pthread.dylib             0x0000000191222da0 thread_start + 8
</msg>
<status status="FAIL" starttime="20231204 07:52:41.144" endtime="20231204 07:52:41.148"/>
</kw>
<kw name="Click Element" library="SeleniumLibrary">
<arg>//*[@id="__next"]/section/main/div/div/form/div/div[1]/div/div/div[5]/div</arg>
<doc>Click the element identified by ``locator``.</doc>
<status status="NOT RUN" starttime="20231204 07:52:41.148" endtime="20231204 07:52:41.148"/>
</kw>
<status status="FAIL" starttime="20231204 07:52:41.144" endtime="20231204 07:52:41.149">NoSuchWindowException: Message: no such window: target window already closed
from unknown error: web view not found
  (Session info: chrome=119.0.6045.199)
Stacktrace:
0   chromedriver                        0x000000010306a004 chromedriver + 4169732
1   chromedriver                        0x0000000103061ff8 chromedriver + 4136952
2   chromedriver                        0x0000000102cb7500 chromedriver + 292096
3   chromedriver                        0x0000000102c902d8 chromedriver + 131800
4   chromedriver                        0x0000000102d23f68 chromedriver + 737128
5   chromedriver                        0x0000000102d36fac chromedriver + 815020
6   chromedriver                        0x0000000102cf05e8 chromedriver + 525800
7   chromedriver                        0x0000000102cf14b8 chromedriver + 529592
8   chromedriver                        0x0000000103030334 chromedriver + 3932980
9   chromedriver                        0x0000000103034970 chromedriver + 3950960
10  chromedriver                        0x0000000103018774 chromedriver + 3835764
11  chromedriver                        0x0000000103035478 chromedriver + 3953784
12  chromedriver                        0x000000010300aab4 chromedriver + 3779252
13  chromedriver                        0x0000000103051914 chromedriver + 4069652
14  chromedriver                        0x0000000103051a90 chromedriver + 4070032
15  chromedriver                        0x0000000103061c70 chromedriver + 4136048
16  libsystem_pthread.dylib             0x0000000191227fa8 _pthread_start + 148
17  libsystem_pthread.dylib             0x0000000191222da0 thread_start + 8
</status>
</test>
<test id="s1-s3-t9" name="Resume Builder - Step 5" line="82">
<kw name="Wait Until Element Is Enabled" library="SeleniumLibrary">
<arg>//*[@id="__next"]/section/main/div/div/form/div/div[1]/div/div/div[6]/div</arg>
<doc>Waits until the element ``locator`` is enabled.</doc>
<msg timestamp="20231204 07:52:41.151" level="WARN">Keyword 'Capture Page Screenshot' could not be run on failure: Message: no such window: target window already closed
from unknown error: web view not found
  (Session info: chrome=119.0.6045.199)
Stacktrace:
0   chromedriver                        0x000000010306a004 chromedriver + 4169732
1   chromedriver                        0x0000000103061ff8 chromedriver + 4136952
2   chromedriver                        0x0000000102cb7500 chromedriver + 292096
3   chromedriver                        0x0000000102c902d8 chromedriver + 131800
4   chromedriver                        0x0000000102d23f68 chromedriver + 737128
5   chromedriver                        0x0000000102d36fac chromedriver + 815020
6   chromedriver                        0x0000000102cf05e8 chromedriver + 525800
7   chromedriver                        0x0000000102cf14b8 chromedriver + 529592
8   chromedriver                        0x0000000103030334 chromedriver + 3932980
9   chromedriver                        0x0000000103034970 chromedriver + 3950960
10  chromedriver                        0x0000000103018774 chromedriver + 3835764
11  chromedriver                        0x0000000103035478 chromedriver + 3953784
12  chromedriver                        0x000000010300aab4 chromedriver + 3779252
13  chromedriver                        0x0000000103051914 chromedriver + 4069652
14  chromedriver                        0x0000000103051a90 chromedriver + 4070032
15  chromedriver                        0x0000000103061c70 chromedriver + 4136048
16  libsystem_pthread.dylib             0x0000000191227fa8 _pthread_start + 148
17  libsystem_pthread.dylib             0x0000000191222da0 thread_start + 8
</msg>
<msg timestamp="20231204 07:52:41.151" level="FAIL">NoSuchWindowException: Message: no such window: target window already closed
from unknown error: web view not found
  (Session info: chrome=119.0.6045.199)
Stacktrace:
0   chromedriver                        0x000000010306a004 chromedriver + 4169732
1   chromedriver                        0x0000000103061ff8 chromedriver + 4136952
2   chromedriver                        0x0000000102cb7500 chromedriver + 292096
3   chromedriver                        0x0000000102c902d8 chromedriver + 131800
4   chromedriver                        0x0000000102d23f68 chromedriver + 737128
5   chromedriver                        0x0000000102d36fac chromedriver + 815020
6   chromedriver                        0x0000000102cf05e8 chromedriver + 525800
7   chromedriver                        0x0000000102cf14b8 chromedriver + 529592
8   chromedriver                        0x0000000103030334 chromedriver + 3932980
9   chromedriver                        0x0000000103034970 chromedriver + 3950960
10  chromedriver                        0x0000000103018774 chromedriver + 3835764
11  chromedriver                        0x0000000103035478 chromedriver + 3953784
12  chromedriver                        0x000000010300aab4 chromedriver + 3779252
13  chromedriver                        0x0000000103051914 chromedriver + 4069652
14  chromedriver                        0x0000000103051a90 chromedriver + 4070032
15  chromedriver                        0x0000000103061c70 chromedriver + 4136048
16  libsystem_pthread.dylib             0x0000000191227fa8 _pthread_start + 148
17  libsystem_pthread.dylib             0x0000000191222da0 thread_start + 8
</msg>
<status status="FAIL" starttime="20231204 07:52:41.149" endtime="20231204 07:52:41.152"/>
</kw>
<kw name="Click Element" library="SeleniumLibrary">
<arg>//*[@id="__next"]/section/main/div/div/form/div/div[1]/div/div/div[6]/div</arg>
<doc>Click the element identified by ``locator``.</doc>
<status status="NOT RUN" starttime="20231204 07:52:41.152" endtime="20231204 07:52:41.152"/>
</kw>
<kw name="Sleep" library="BuiltIn">
<arg>5s</arg>
<doc>Pauses the test executed for the given time.</doc>
<status status="NOT RUN" starttime="20231204 07:52:41.152" endtime="20231204 07:52:41.152"/>
</kw>
<status status="FAIL" starttime="20231204 07:52:41.149" endtime="20231204 07:52:41.152">NoSuchWindowException: Message: no such window: target window already closed
from unknown error: web view not found
  (Session info: chrome=119.0.6045.199)
Stacktrace:
0   chromedriver                        0x000000010306a004 chromedriver + 4169732
1   chromedriver                        0x0000000103061ff8 chromedriver + 4136952
2   chromedriver                        0x0000000102cb7500 chromedriver + 292096
3   chromedriver                        0x0000000102c902d8 chromedriver + 131800
4   chromedriver                        0x0000000102d23f68 chromedriver + 737128
5   chromedriver                        0x0000000102d36fac chromedriver + 815020
6   chromedriver                        0x0000000102cf05e8 chromedriver + 525800
7   chromedriver                        0x0000000102cf14b8 chromedriver + 529592
8   chromedriver                        0x0000000103030334 chromedriver + 3932980
9   chromedriver                        0x0000000103034970 chromedriver + 3950960
10  chromedriver                        0x0000000103018774 chromedriver + 3835764
11  chromedriver                        0x0000000103035478 chromedriver + 3953784
12  chromedriver                        0x000000010300aab4 chromedriver + 3779252
13  chromedriver                        0x0000000103051914 chromedriver + 4069652
14  chromedriver                        0x0000000103051a90 chromedriver + 4070032
15  chromedriver                        0x0000000103061c70 chromedriver + 4136048
16  libsystem_pthread.dylib             0x0000000191227fa8 _pthread_start + 148
17  libsystem_pthread.dylib             0x0000000191222da0 thread_start + 8
</status>
</test>
<test id="s1-s3-t10" name="Resume Builder - Step 6 (Preview)" line="87">
<kw name="Wait Until Page Contains Element" library="SeleniumLibrary">
<arg>xpath:/html/body</arg>
<doc>Waits until the element ``locator`` appears on the current page.</doc>
<msg timestamp="20231204 07:52:41.155" level="WARN">Keyword 'Capture Page Screenshot' could not be run on failure: Message: no such window: target window already closed
from unknown error: web view not found
  (Session info: chrome=119.0.6045.199)
Stacktrace:
0   chromedriver                        0x000000010306a004 chromedriver + 4169732
1   chromedriver                        0x0000000103061ff8 chromedriver + 4136952
2   chromedriver                        0x0000000102cb7500 chromedriver + 292096
3   chromedriver                        0x0000000102c902d8 chromedriver + 131800
4   chromedriver                        0x0000000102d23f68 chromedriver + 737128
5   chromedriver                        0x0000000102d36fac chromedriver + 815020
6   chromedriver                        0x0000000102cf05e8 chromedriver + 525800
7   chromedriver                        0x0000000102cf14b8 chromedriver + 529592
8   chromedriver                        0x0000000103030334 chromedriver + 3932980
9   chromedriver                        0x0000000103034970 chromedriver + 3950960
10  chromedriver                        0x0000000103018774 chromedriver + 3835764
11  chromedriver                        0x0000000103035478 chromedriver + 3953784
12  chromedriver                        0x000000010300aab4 chromedriver + 3779252
13  chromedriver                        0x0000000103051914 chromedriver + 4069652
14  chromedriver                        0x0000000103051a90 chromedriver + 4070032
15  chromedriver                        0x0000000103061c70 chromedriver + 4136048
16  libsystem_pthread.dylib             0x0000000191227fa8 _pthread_start + 148
17  libsystem_pthread.dylib             0x0000000191222da0 thread_start + 8
</msg>
<msg timestamp="20231204 07:52:41.155" level="FAIL">NoSuchWindowException: Message: no such window: target window already closed
from unknown error: web view not found
  (Session info: chrome=119.0.6045.199)
Stacktrace:
0   chromedriver                        0x000000010306a004 chromedriver + 4169732
1   chromedriver                        0x0000000103061ff8 chromedriver + 4136952
2   chromedriver                        0x0000000102cb7500 chromedriver + 292096
3   chromedriver                        0x0000000102c902d8 chromedriver + 131800
4   chromedriver                        0x0000000102d23f68 chromedriver + 737128
5   chromedriver                        0x0000000102d36fac chromedriver + 815020
6   chromedriver                        0x0000000102cf05e8 chromedriver + 525800
7   chromedriver                        0x0000000102cf14b8 chromedriver + 529592
8   chromedriver                        0x0000000103030334 chromedriver + 3932980
9   chromedriver                        0x0000000103034970 chromedriver + 3950960
10  chromedriver                        0x0000000103018774 chromedriver + 3835764
11  chromedriver                        0x0000000103035478 chromedriver + 3953784
12  chromedriver                        0x000000010300aab4 chromedriver + 3779252
13  chromedriver                        0x0000000103051914 chromedriver + 4069652
14  chromedriver                        0x0000000103051a90 chromedriver + 4070032
15  chromedriver                        0x0000000103061c70 chromedriver + 4136048
16  libsystem_pthread.dylib             0x0000000191227fa8 _pthread_start + 148
17  libsystem_pthread.dylib             0x0000000191222da0 thread_start + 8
</msg>
<status status="FAIL" starttime="20231204 07:52:41.153" endtime="20231204 07:52:41.156"/>
</kw>
<kw name="Click Element" library="SeleniumLibrary">
<arg>xpath:/html/body</arg>
<doc>Click the element identified by ``locator``.</doc>
<status status="NOT RUN" starttime="20231204 07:52:41.157" endtime="20231204 07:52:41.157"/>
</kw>
<kw name="Sleep" library="BuiltIn">
<arg>2s</arg>
<doc>Pauses the test executed for the given time.</doc>
<status status="NOT RUN" starttime="20231204 07:52:41.157" endtime="20231204 07:52:41.157"/>
</kw>
<kw name="Wait Until Page Contains" library="SeleniumLibrary">
<arg>Pratinjau</arg>
<doc>Waits until ``text`` appears on the current page.</doc>
<status status="NOT RUN" starttime="20231204 07:52:41.157" endtime="20231204 07:52:41.157"/>
</kw>
<kw name="Wait Until Page Contains Element" library="SeleniumLibrary">
<arg>xpath://*[@id="__next"]/section/main/div/div/form/div/div[2]/div[1]/div/main/h3</arg>
<doc>Waits until the element ``locator`` appears on the current page.</doc>
<status status="NOT RUN" starttime="20231204 07:52:41.157" endtime="20231204 07:52:41.157"/>
</kw>
<kw name="Sleep" library="BuiltIn">
<arg>2s</arg>
<doc>Pauses the test executed for the given time.</doc>
<status status="NOT RUN" starttime="20231204 07:52:41.157" endtime="20231204 07:52:41.157"/>
</kw>
<kw name="Execute Javascript" library="SeleniumLibrary">
<arg>window.scrollTo(-500,500)</arg>
<doc>Executes the given JavaScript code with possible arguments.</doc>
<status status="NOT RUN" starttime="20231204 07:52:41.157" endtime="20231204 07:52:41.157"/>
</kw>
<kw name="Wait Until Page Contains Element" library="SeleniumLibrary">
<arg>xpath://*[@id="__next"]/section/main/div/div/form/div/div[3]/div/main/button</arg>
<doc>Waits until the element ``locator`` appears on the current page.</doc>
<status status="NOT RUN" starttime="20231204 07:52:41.157" endtime="20231204 07:52:41.157"/>
</kw>
<kw name="Sleep" library="BuiltIn">
<arg>2s</arg>
<doc>Pauses the test executed for the given time.</doc>
<status status="NOT RUN" starttime="20231204 07:52:41.157" endtime="20231204 07:52:41.157"/>
</kw>
<kw name="Wait Until Page Contains" library="SeleniumLibrary">
<arg>Pastikan resume kamu sudah sesuai standar industri dan terlihat profesional!</arg>
<doc>Waits until ``text`` appears on the current page.</doc>
<status status="NOT RUN" starttime="20231204 07:52:41.157" endtime="20231204 07:52:41.157"/>
</kw>
<kw name="Wait Until Page Contains Element" library="SeleniumLibrary">
<arg>xpath://*[@id="__next"]/section/main/div/div/form/div/div[3]/div/main/button</arg>
<doc>Waits until the element ``locator`` appears on the current page.</doc>
<status status="NOT RUN" starttime="20231204 07:52:41.157" endtime="20231204 07:52:41.157"/>
</kw>
<kw name="Sleep" library="BuiltIn">
<arg>2s</arg>
<doc>Pauses the test executed for the given time.</doc>
<status status="NOT RUN" starttime="20231204 07:52:41.158" endtime="20231204 07:52:41.158"/>
</kw>
<kw name="Wait Until Element Is Enabled" library="SeleniumLibrary">
<arg>//*[@id="__next"]/section/main/div/div/form/div/div[3]/div/main/button</arg>
<doc>Waits until the element ``locator`` is enabled.</doc>
<status status="NOT RUN" starttime="20231204 07:52:41.158" endtime="20231204 07:52:41.158"/>
</kw>
<kw name="Sleep" library="BuiltIn">
<arg>2s</arg>
<doc>Pauses the test executed for the given time.</doc>
<status status="NOT RUN" starttime="20231204 07:52:41.158" endtime="20231204 07:52:41.158"/>
</kw>
<kw name="Click Element" library="SeleniumLibrary">
<arg>//*[@id="__next"]/section/main/div/div/form/div/div[3]/div/main/button</arg>
<doc>Click the element identified by ``locator``.</doc>
<status status="NOT RUN" starttime="20231204 07:52:41.158" endtime="20231204 07:52:41.158"/>
</kw>
<kw name="Sleep" library="BuiltIn">
<arg>10s</arg>
<doc>Pauses the test executed for the given time.</doc>
<status status="NOT RUN" starttime="20231204 07:52:41.158" endtime="20231204 07:52:41.158"/>
</kw>
<status status="FAIL" starttime="20231204 07:52:41.153" endtime="20231204 07:52:41.158">NoSuchWindowException: Message: no such window: target window already closed
from unknown error: web view not found
  (Session info: chrome=119.0.6045.199)
Stacktrace:
0   chromedriver                        0x000000010306a004 chromedriver + 4169732
1   chromedriver                        0x0000000103061ff8 chromedriver + 4136952
2   chromedriver                        0x0000000102cb7500 chromedriver + 292096
3   chromedriver                        0x0000000102c902d8 chromedriver + 131800
4   chromedriver                        0x0000000102d23f68 chromedriver + 737128
5   chromedriver                        0x0000000102d36fac chromedriver + 815020
6   chromedriver                        0x0000000102cf05e8 chromedriver + 525800
7   chromedriver                        0x0000000102cf14b8 chromedriver + 529592
8   chromedriver                        0x0000000103030334 chromedriver + 3932980
9   chromedriver                        0x0000000103034970 chromedriver + 3950960
10  chromedriver                        0x0000000103018774 chromedriver + 3835764
11  chromedriver                        0x0000000103035478 chromedriver + 3953784
12  chromedriver                        0x000000010300aab4 chromedriver + 3779252
13  chromedriver                        0x0000000103051914 chromedriver + 4069652
14  chromedriver                        0x0000000103051a90 chromedriver + 4070032
15  chromedriver                        0x0000000103061c70 chromedriver + 4136048
16  libsystem_pthread.dylib             0x0000000191227fa8 _pthread_start + 148
17  libsystem_pthread.dylib             0x0000000191222da0 thread_start + 8
</status>
</test>
<test id="s1-s3-t11" name="Resume Builder - Success Build" line="104">
<kw name="Wait Until Element Is Visible" library="SeleniumLibrary">
<arg>//*[@id="__next"]/section/header/div[2]/ul/li[6]/span/a</arg>
<doc>Waits until the element ``locator`` is visible.</doc>
<msg timestamp="20231204 07:52:41.162" level="WARN">Keyword 'Capture Page Screenshot' could not be run on failure: Message: no such window: target window already closed
from unknown error: web view not found
  (Session info: chrome=119.0.6045.199)
Stacktrace:
0   chromedriver                        0x000000010306a004 chromedriver + 4169732
1   chromedriver                        0x0000000103061ff8 chromedriver + 4136952
2   chromedriver                        0x0000000102cb7500 chromedriver + 292096
3   chromedriver                        0x0000000102c902d8 chromedriver + 131800
4   chromedriver                        0x0000000102d23f68 chromedriver + 737128
5   chromedriver                        0x0000000102d36fac chromedriver + 815020
6   chromedriver                        0x0000000102cf05e8 chromedriver + 525800
7   chromedriver                        0x0000000102cf14b8 chromedriver + 529592
8   chromedriver                        0x0000000103030334 chromedriver + 3932980
9   chromedriver                        0x0000000103034970 chromedriver + 3950960
10  chromedriver                        0x0000000103018774 chromedriver + 3835764
11  chromedriver                        0x0000000103035478 chromedriver + 3953784
12  chromedriver                        0x000000010300aab4 chromedriver + 3779252
13  chromedriver                        0x0000000103051914 chromedriver + 4069652
14  chromedriver                        0x0000000103051a90 chromedriver + 4070032
15  chromedriver                        0x0000000103061c70 chromedriver + 4136048
16  libsystem_pthread.dylib             0x0000000191227fa8 _pthread_start + 148
17  libsystem_pthread.dylib             0x0000000191222da0 thread_start + 8
</msg>
<msg timestamp="20231204 07:52:41.162" level="FAIL">NoSuchWindowException: Message: no such window: target window already closed
from unknown error: web view not found
  (Session info: chrome=119.0.6045.199)
Stacktrace:
0   chromedriver                        0x000000010306a004 chromedriver + 4169732
1   chromedriver                        0x0000000103061ff8 chromedriver + 4136952
2   chromedriver                        0x0000000102cb7500 chromedriver + 292096
3   chromedriver                        0x0000000102c902d8 chromedriver + 131800
4   chromedriver                        0x0000000102d23f68 chromedriver + 737128
5   chromedriver                        0x0000000102d36fac chromedriver + 815020
6   chromedriver                        0x0000000102cf05e8 chromedriver + 525800
7   chromedriver                        0x0000000102cf14b8 chromedriver + 529592
8   chromedriver                        0x0000000103030334 chromedriver + 3932980
9   chromedriver                        0x0000000103034970 chromedriver + 3950960
10  chromedriver                        0x0000000103018774 chromedriver + 3835764
11  chromedriver                        0x0000000103035478 chromedriver + 3953784
12  chromedriver                        0x000000010300aab4 chromedriver + 3779252
13  chromedriver                        0x0000000103051914 chromedriver + 4069652
14  chromedriver                        0x0000000103051a90 chromedriver + 4070032
15  chromedriver                        0x0000000103061c70 chromedriver + 4136048
16  libsystem_pthread.dylib             0x0000000191227fa8 _pthread_start + 148
17  libsystem_pthread.dylib             0x0000000191222da0 thread_start + 8
</msg>
<status status="FAIL" starttime="20231204 07:52:41.159" endtime="20231204 07:52:41.163"/>
</kw>
<kw name="Click Element" library="SeleniumLibrary">
<arg>//*[@id="__next"]/section/header/div[2]/ul/li[6]/span/a</arg>
<doc>Click the element identified by ``locator``.</doc>
<status status="NOT RUN" starttime="20231204 07:52:41.163" endtime="20231204 07:52:41.163"/>
</kw>
<kw name="Sleep" library="BuiltIn">
<arg>3s</arg>
<doc>Pauses the test executed for the given time.</doc>
<status status="NOT RUN" starttime="20231204 07:52:41.163" endtime="20231204 07:52:41.163"/>
</kw>
<status status="FAIL" starttime="20231204 07:52:41.158" endtime="20231204 07:52:41.163">NoSuchWindowException: Message: no such window: target window already closed
from unknown error: web view not found
  (Session info: chrome=119.0.6045.199)
Stacktrace:
0   chromedriver                        0x000000010306a004 chromedriver + 4169732
1   chromedriver                        0x0000000103061ff8 chromedriver + 4136952
2   chromedriver                        0x0000000102cb7500 chromedriver + 292096
3   chromedriver                        0x0000000102c902d8 chromedriver + 131800
4   chromedriver                        0x0000000102d23f68 chromedriver + 737128
5   chromedriver                        0x0000000102d36fac chromedriver + 815020
6   chromedriver                        0x0000000102cf05e8 chromedriver + 525800
7   chromedriver                        0x0000000102cf14b8 chromedriver + 529592
8   chromedriver                        0x0000000103030334 chromedriver + 3932980
9   chromedriver                        0x0000000103034970 chromedriver + 3950960
10  chromedriver                        0x0000000103018774 chromedriver + 3835764
11  chromedriver                        0x0000000103035478 chromedriver + 3953784
12  chromedriver                        0x000000010300aab4 chromedriver + 3779252
13  chromedriver                        0x0000000103051914 chromedriver + 4069652
14  chromedriver                        0x0000000103051a90 chromedriver + 4070032
15  chromedriver                        0x0000000103061c70 chromedriver + 4136048
16  libsystem_pthread.dylib             0x0000000191227fa8 _pthread_start + 148
17  libsystem_pthread.dylib             0x0000000191222da0 thread_start + 8
</status>
</test>
<test id="s1-s3-t12" name="Dashboard" line="109">
<kw name="Wait Until Element Is Visible" library="SeleniumLibrary">
<arg>//*[@id="__next"]/section/main/div/div/section/aside/div/ul/li[3]/span[2]/a</arg>
<doc>Waits until the element ``locator`` is visible.</doc>
<msg timestamp="20231204 07:52:41.165" level="WARN">Keyword 'Capture Page Screenshot' could not be run on failure: Message: no such window: target window already closed
from unknown error: web view not found
  (Session info: chrome=119.0.6045.199)
Stacktrace:
0   chromedriver                        0x000000010306a004 chromedriver + 4169732
1   chromedriver                        0x0000000103061ff8 chromedriver + 4136952
2   chromedriver                        0x0000000102cb7500 chromedriver + 292096
3   chromedriver                        0x0000000102c902d8 chromedriver + 131800
4   chromedriver                        0x0000000102d23f68 chromedriver + 737128
5   chromedriver                        0x0000000102d36fac chromedriver + 815020
6   chromedriver                        0x0000000102cf05e8 chromedriver + 525800
7   chromedriver                        0x0000000102cf14b8 chromedriver + 529592
8   chromedriver                        0x0000000103030334 chromedriver + 3932980
9   chromedriver                        0x0000000103034970 chromedriver + 3950960
10  chromedriver                        0x0000000103018774 chromedriver + 3835764
11  chromedriver                        0x0000000103035478 chromedriver + 3953784
12  chromedriver                        0x000000010300aab4 chromedriver + 3779252
13  chromedriver                        0x0000000103051914 chromedriver + 4069652
14  chromedriver                        0x0000000103051a90 chromedriver + 4070032
15  chromedriver                        0x0000000103061c70 chromedriver + 4136048
16  libsystem_pthread.dylib             0x0000000191227fa8 _pthread_start + 148
17  libsystem_pthread.dylib             0x0000000191222da0 thread_start + 8
</msg>
<msg timestamp="20231204 07:52:41.166" level="FAIL">NoSuchWindowException: Message: no such window: target window already closed
from unknown error: web view not found
  (Session info: chrome=119.0.6045.199)
Stacktrace:
0   chromedriver                        0x000000010306a004 chromedriver + 4169732
1   chromedriver                        0x0000000103061ff8 chromedriver + 4136952
2   chromedriver                        0x0000000102cb7500 chromedriver + 292096
3   chromedriver                        0x0000000102c902d8 chromedriver + 131800
4   chromedriver                        0x0000000102d23f68 chromedriver + 737128
5   chromedriver                        0x0000000102d36fac chromedriver + 815020
6   chromedriver                        0x0000000102cf05e8 chromedriver + 525800
7   chromedriver                        0x0000000102cf14b8 chromedriver + 529592
8   chromedriver                        0x0000000103030334 chromedriver + 3932980
9   chromedriver                        0x0000000103034970 chromedriver + 3950960
10  chromedriver                        0x0000000103018774 chromedriver + 3835764
11  chromedriver                        0x0000000103035478 chromedriver + 3953784
12  chromedriver                        0x000000010300aab4 chromedriver + 3779252
13  chromedriver                        0x0000000103051914 chromedriver + 4069652
14  chromedriver                        0x0000000103051a90 chromedriver + 4070032
15  chromedriver                        0x0000000103061c70 chromedriver + 4136048
16  libsystem_pthread.dylib             0x0000000191227fa8 _pthread_start + 148
17  libsystem_pthread.dylib             0x0000000191222da0 thread_start + 8
</msg>
<status status="FAIL" starttime="20231204 07:52:41.164" endtime="20231204 07:52:41.167"/>
</kw>
<kw name="Click Element" library="SeleniumLibrary">
<arg>//*[@id="__next"]/section/main/div/div/section/aside/div/ul/li[3]/span[2]/a</arg>
<doc>Click the element identified by ``locator``.</doc>
<status status="NOT RUN" starttime="20231204 07:52:41.167" endtime="20231204 07:52:41.167"/>
</kw>
<kw name="Sleep" library="BuiltIn">
<arg>3s</arg>
<doc>Pauses the test executed for the given time.</doc>
<status status="NOT RUN" starttime="20231204 07:52:41.167" endtime="20231204 07:52:41.167"/>
</kw>
<status status="FAIL" starttime="20231204 07:52:41.164" endtime="20231204 07:52:41.167">NoSuchWindowException: Message: no such window: target window already closed
from unknown error: web view not found
  (Session info: chrome=119.0.6045.199)
Stacktrace:
0   chromedriver                        0x000000010306a004 chromedriver + 4169732
1   chromedriver                        0x0000000103061ff8 chromedriver + 4136952
2   chromedriver                        0x0000000102cb7500 chromedriver + 292096
3   chromedriver                        0x0000000102c902d8 chromedriver + 131800
4   chromedriver                        0x0000000102d23f68 chromedriver + 737128
5   chromedriver                        0x0000000102d36fac chromedriver + 815020
6   chromedriver                        0x0000000102cf05e8 chromedriver + 525800
7   chromedriver                        0x0000000102cf14b8 chromedriver + 529592
8   chromedriver                        0x0000000103030334 chromedriver + 3932980
9   chromedriver                        0x0000000103034970 chromedriver + 3950960
10  chromedriver                        0x0000000103018774 chromedriver + 3835764
11  chromedriver                        0x0000000103035478 chromedriver + 3953784
12  chromedriver                        0x000000010300aab4 chromedriver + 3779252
13  chromedriver                        0x0000000103051914 chromedriver + 4069652
14  chromedriver                        0x0000000103051a90 chromedriver + 4070032
15  chromedriver                        0x0000000103061c70 chromedriver + 4136048
16  libsystem_pthread.dylib             0x0000000191227fa8 _pthread_start + 148
17  libsystem_pthread.dylib             0x0000000191222da0 thread_start + 8
</status>
</test>
<test id="s1-s3-t13" name="Dashboard - Resume Saya" line="114">
<kw name="Wait Until Page Contains" library="SeleniumLibrary">
<arg>My Resume</arg>
<doc>Waits until ``text`` appears on the current page.</doc>
<msg timestamp="20231204 07:52:41.168" level="WARN">Keyword 'Capture Page Screenshot' could not be run on failure: Message: no such window: target window already closed
from unknown error: web view not found
  (Session info: chrome=119.0.6045.199)
Stacktrace:
0   chromedriver                        0x000000010306a004 chromedriver + 4169732
1   chromedriver                        0x0000000103061ff8 chromedriver + 4136952
2   chromedriver                        0x0000000102cb7500 chromedriver + 292096
3   chromedriver                        0x0000000102c902d8 chromedriver + 131800
4   chromedriver                        0x0000000102d23f68 chromedriver + 737128
5   chromedriver                        0x0000000102d36fac chromedriver + 815020
6   chromedriver                        0x0000000102cf05e8 chromedriver + 525800
7   chromedriver                        0x0000000102cf14b8 chromedriver + 529592
8   chromedriver                        0x0000000103030334 chromedriver + 3932980
9   chromedriver                        0x0000000103034970 chromedriver + 3950960
10  chromedriver                        0x0000000103018774 chromedriver + 3835764
11  chromedriver                        0x0000000103035478 chromedriver + 3953784
12  chromedriver                        0x000000010300aab4 chromedriver + 3779252
13  chromedriver                        0x0000000103051914 chromedriver + 4069652
14  chromedriver                        0x0000000103051a90 chromedriver + 4070032
15  chromedriver                        0x0000000103061c70 chromedriver + 4136048
16  libsystem_pthread.dylib             0x0000000191227fa8 _pthread_start + 148
17  libsystem_pthread.dylib             0x0000000191222da0 thread_start + 8
</msg>
<msg timestamp="20231204 07:52:41.169" level="FAIL">NoSuchWindowException: Message: no such window: target window already closed
from unknown error: web view not found
  (Session info: chrome=119.0.6045.199)
Stacktrace:
0   chromedriver                        0x000000010306a004 chromedriver + 4169732
1   chromedriver                        0x0000000103061ff8 chromedriver + 4136952
2   chromedriver                        0x0000000102cb7500 chromedriver + 292096
3   chromedriver                        0x0000000102c902d8 chromedriver + 131800
4   chromedriver                        0x0000000102d23f68 chromedriver + 737128
5   chromedriver                        0x0000000102d36fac chromedriver + 815020
6   chromedriver                        0x0000000102cf05e8 chromedriver + 525800
7   chromedriver                        0x0000000102cf14b8 chromedriver + 529592
8   chromedriver                        0x0000000103030334 chromedriver + 3932980
9   chromedriver                        0x0000000103034970 chromedriver + 3950960
10  chromedriver                        0x0000000103018774 chromedriver + 3835764
11  chromedriver                        0x0000000103035478 chromedriver + 3953784
12  chromedriver                        0x000000010300aab4 chromedriver + 3779252
13  chromedriver                        0x0000000103051914 chromedriver + 4069652
14  chromedriver                        0x0000000103051a90 chromedriver + 4070032
15  chromedriver                        0x0000000103061c70 chromedriver + 4136048
16  libsystem_pthread.dylib             0x0000000191227fa8 _pthread_start + 148
17  libsystem_pthread.dylib             0x0000000191222da0 thread_start + 8
</msg>
<status status="FAIL" starttime="20231204 07:52:41.167" endtime="20231204 07:52:41.170"/>
</kw>
<kw name="Wait Until Element Is Visible" library="SeleniumLibrary">
<arg>//*[@id="__next"]/section/header/div[2]/ul/li[3]/span/a</arg>
<doc>Waits until the element ``locator`` is visible.</doc>
<status status="NOT RUN" starttime="20231204 07:52:41.170" endtime="20231204 07:52:41.170"/>
</kw>
<kw name="Click Element" library="SeleniumLibrary">
<arg>//*[@id="__next"]/section/header/div[2]/ul/li[3]/span/a</arg>
<doc>Click the element identified by ``locator``.</doc>
<status status="NOT RUN" starttime="20231204 07:52:41.170" endtime="20231204 07:52:41.170"/>
</kw>
<status status="FAIL" starttime="20231204 07:52:41.167" endtime="20231204 07:52:41.170">NoSuchWindowException: Message: no such window: target window already closed
from unknown error: web view not found
  (Session info: chrome=119.0.6045.199)
Stacktrace:
0   chromedriver                        0x000000010306a004 chromedriver + 4169732
1   chromedriver                        0x0000000103061ff8 chromedriver + 4136952
2   chromedriver                        0x0000000102cb7500 chromedriver + 292096
3   chromedriver                        0x0000000102c902d8 chromedriver + 131800
4   chromedriver                        0x0000000102d23f68 chromedriver + 737128
5   chromedriver                        0x0000000102d36fac chromedriver + 815020
6   chromedriver                        0x0000000102cf05e8 chromedriver + 525800
7   chromedriver                        0x0000000102cf14b8 chromedriver + 529592
8   chromedriver                        0x0000000103030334 chromedriver + 3932980
9   chromedriver                        0x0000000103034970 chromedriver + 3950960
10  chromedriver                        0x0000000103018774 chromedriver + 3835764
11  chromedriver                        0x0000000103035478 chromedriver + 3953784
12  chromedriver                        0x000000010300aab4 chromedriver + 3779252
13  chromedriver                        0x0000000103051914 chromedriver + 4069652
14  chromedriver                        0x0000000103051a90 chromedriver + 4070032
15  chromedriver                        0x0000000103061c70 chromedriver + 4136048
16  libsystem_pthread.dylib             0x0000000191227fa8 _pthread_start + 148
17  libsystem_pthread.dylib             0x0000000191222da0 thread_start + 8
</status>
</test>
<test id="s1-s3-t14" name="Jobs - List" line="120">
<kw name="Wait Until Element Is Visible" library="SeleniumLibrary">
<arg>//*[@id="keyword"]</arg>
<doc>Waits until the element ``locator`` is visible.</doc>
<msg timestamp="20231204 07:52:41.172" level="WARN">Keyword 'Capture Page Screenshot' could not be run on failure: Message: no such window: target window already closed
from unknown error: web view not found
  (Session info: chrome=119.0.6045.199)
Stacktrace:
0   chromedriver                        0x000000010306a004 chromedriver + 4169732
1   chromedriver                        0x0000000103061ff8 chromedriver + 4136952
2   chromedriver                        0x0000000102cb7500 chromedriver + 292096
3   chromedriver                        0x0000000102c902d8 chromedriver + 131800
4   chromedriver                        0x0000000102d23f68 chromedriver + 737128
5   chromedriver                        0x0000000102d36fac chromedriver + 815020
6   chromedriver                        0x0000000102cf05e8 chromedriver + 525800
7   chromedriver                        0x0000000102cf14b8 chromedriver + 529592
8   chromedriver                        0x0000000103030334 chromedriver + 3932980
9   chromedriver                        0x0000000103034970 chromedriver + 3950960
10  chromedriver                        0x0000000103018774 chromedriver + 3835764
11  chromedriver                        0x0000000103035478 chromedriver + 3953784
12  chromedriver                        0x000000010300aab4 chromedriver + 3779252
13  chromedriver                        0x0000000103051914 chromedriver + 4069652
14  chromedriver                        0x0000000103051a90 chromedriver + 4070032
15  chromedriver                        0x0000000103061c70 chromedriver + 4136048
16  libsystem_pthread.dylib             0x0000000191227fa8 _pthread_start + 148
17  libsystem_pthread.dylib             0x0000000191222da0 thread_start + 8
</msg>
<msg timestamp="20231204 07:52:41.172" level="FAIL">NoSuchWindowException: Message: no such window: target window already closed
from unknown error: web view not found
  (Session info: chrome=119.0.6045.199)
Stacktrace:
0   chromedriver                        0x000000010306a004 chromedriver + 4169732
1   chromedriver                        0x0000000103061ff8 chromedriver + 4136952
2   chromedriver                        0x0000000102cb7500 chromedriver + 292096
3   chromedriver                        0x0000000102c902d8 chromedriver + 131800
4   chromedriver                        0x0000000102d23f68 chromedriver + 737128
5   chromedriver                        0x0000000102d36fac chromedriver + 815020
6   chromedriver                        0x0000000102cf05e8 chromedriver + 525800
7   chromedriver                        0x0000000102cf14b8 chromedriver + 529592
8   chromedriver                        0x0000000103030334 chromedriver + 3932980
9   chromedriver                        0x0000000103034970 chromedriver + 3950960
10  chromedriver                        0x0000000103018774 chromedriver + 3835764
11  chromedriver                        0x0000000103035478 chromedriver + 3953784
12  chromedriver                        0x000000010300aab4 chromedriver + 3779252
13  chromedriver                        0x0000000103051914 chromedriver + 4069652
14  chromedriver                        0x0000000103051a90 chromedriver + 4070032
15  chromedriver                        0x0000000103061c70 chromedriver + 4136048
16  libsystem_pthread.dylib             0x0000000191227fa8 _pthread_start + 148
17  libsystem_pthread.dylib             0x0000000191222da0 thread_start + 8
</msg>
<status status="FAIL" starttime="20231204 07:52:41.170" endtime="20231204 07:52:41.173"/>
</kw>
<kw name="Click Element" library="SeleniumLibrary">
<arg>//*[@id="keyword"]</arg>
<doc>Click the element identified by ``locator``.</doc>
<status status="NOT RUN" starttime="20231204 07:52:41.173" endtime="20231204 07:52:41.173"/>
</kw>
<kw name="Input Text" library="SeleniumLibrary">
<arg>//*[@id="keyword"]</arg>
<arg>QA GMT 2</arg>
<doc>Types the given ``text`` into the text field identified by ``locator``.</doc>
<status status="NOT RUN" starttime="20231204 07:52:41.173" endtime="20231204 07:52:41.173"/>
</kw>
<kw name="Press Keys" library="SeleniumLibrary">
<arg>//*[@id="keyword"]</arg>
<arg>ENTER</arg>
<doc>Simulates the user pressing key(s) to an element or on the active browser.</doc>
<status status="NOT RUN" starttime="20231204 07:52:41.173" endtime="20231204 07:52:41.174"/>
</kw>
<kw name="Wait Until Element Is Enabled" library="SeleniumLibrary">
<arg>//*[@id="__next"]/section/main/div/div/div/div[3]/div[2]/div[1]/div[1]/button</arg>
<doc>Waits until the element ``locator`` is enabled.</doc>
<status status="NOT RUN" starttime="20231204 07:52:41.174" endtime="20231204 07:52:41.174"/>
</kw>
<kw name="Click Element" library="SeleniumLibrary">
<arg>//*[@id="__next"]/section/main/div/div/div/div[3]/div[2]/div[1]/div[1]/button</arg>
<doc>Click the element identified by ``locator``.</doc>
<status status="NOT RUN" starttime="20231204 07:52:41.174" endtime="20231204 07:52:41.174"/>
</kw>
<kw name="Sleep" library="BuiltIn">
<arg>5s</arg>
<doc>Pauses the test executed for the given time.</doc>
<status status="NOT RUN" starttime="20231204 07:52:41.174" endtime="20231204 07:52:41.174"/>
</kw>
<kw name="Wait Until Page Contains Element" library="SeleniumLibrary">
<arg>xpath:/html/body</arg>
<doc>Waits until the element ``locator`` appears on the current page.</doc>
<status status="NOT RUN" starttime="20231204 07:52:41.174" endtime="20231204 07:52:41.174"/>
</kw>
<kw name="Click Element" library="SeleniumLibrary">
<arg>xpath:/html/body</arg>
<doc>Click the element identified by ``locator``.</doc>
<status status="NOT RUN" starttime="20231204 07:52:41.174" endtime="20231204 07:52:41.174"/>
</kw>
<kw name="Wait Until Element Is Enabled" library="SeleniumLibrary">
<arg>xpath:/html/body/div[3]/div/div[2]/div/div[2]/div[2]/div[2]/div/span</arg>
<doc>Waits until the element ``locator`` is enabled.</doc>
<status status="NOT RUN" starttime="20231204 07:52:41.174" endtime="20231204 07:52:41.174"/>
</kw>
<kw name="Click Element" library="SeleniumLibrary">
<arg>xpath:/html/body/div[3]/div/div[2]/div/div[2]/div[2]/div[2]/div/span</arg>
<doc>Click the element identified by ``locator``.</doc>
<status status="NOT RUN" starttime="20231204 07:52:41.174" endtime="20231204 07:52:41.174"/>
</kw>
<kw name="Wait Until Element Is Visible" library="SeleniumLibrary">
<arg>/html/body/div[5]/div/div/div/div[2]/div[1]/div/div/div[1]/div</arg>
<doc>Waits until the element ``locator`` is visible.</doc>
<status status="NOT RUN" starttime="20231204 07:52:41.174" endtime="20231204 07:52:41.174"/>
</kw>
<kw name="Click Element" library="SeleniumLibrary">
<arg>/html/body/div[5]/div/div/div/div[2]/div[1]/div/div/div[1]/div</arg>
<doc>Click the element identified by ``locator``.</doc>
<status status="NOT RUN" starttime="20231204 07:52:41.174" endtime="20231204 07:52:41.174"/>
</kw>
<kw name="Click Element" library="SeleniumLibrary">
<arg>/html/body/div[4]/div/div[2]/div/div[2]/div[2]/div[3]/button[1]</arg>
<doc>Click the element identified by ``locator``.</doc>
<status status="NOT RUN" starttime="20231204 07:52:41.174" endtime="20231204 07:52:41.174"/>
</kw>
<kw name="Wait Until Element Is Visible" library="SeleniumLibrary">
<arg>/html/body/div[6]/div/div[2]/div/div[2]</arg>
<doc>Waits until the element ``locator`` is visible.</doc>
<status status="NOT RUN" starttime="20231204 07:52:41.174" endtime="20231204 07:52:41.174"/>
</kw>
<kw name="Click Element" library="SeleniumLibrary">
<arg>/html/body/div[6]/div/div[2]/div/div[2]/div/main/div/div[4]/button</arg>
<doc>Click the element identified by ``locator``.</doc>
<status status="NOT RUN" starttime="20231204 07:52:41.174" endtime="20231204 07:52:41.174"/>
</kw>
<kw name="Wait Until Element Is Enabled" library="SeleniumLibrary">
<arg>//*[@id="__next"]/section/header/div[2]/ul/li[6]/span/a</arg>
<doc>Waits until the element ``locator`` is enabled.</doc>
<status status="NOT RUN" starttime="20231204 07:52:41.174" endtime="20231204 07:52:41.174"/>
</kw>
<kw name="Click Element" library="SeleniumLibrary">
<arg>//*[@id="__next"]/section/header/div[2]/ul/li[6]/span/a</arg>
<doc>Click the element identified by ``locator``.</doc>
<status status="NOT RUN" starttime="20231204 07:52:41.174" endtime="20231204 07:52:41.174"/>
</kw>
<status status="FAIL" starttime="20231204 07:52:41.170" endtime="20231204 07:52:41.175">NoSuchWindowException: Message: no such window: target window already closed
from unknown error: web view not found
  (Session info: chrome=119.0.6045.199)
Stacktrace:
0   chromedriver                        0x000000010306a004 chromedriver + 4169732
1   chromedriver                        0x0000000103061ff8 chromedriver + 4136952
2   chromedriver                        0x0000000102cb7500 chromedriver + 292096
3   chromedriver                        0x0000000102c902d8 chromedriver + 131800
4   chromedriver                        0x0000000102d23f68 chromedriver + 737128
5   chromedriver                        0x0000000102d36fac chromedriver + 815020
6   chromedriver                        0x0000000102cf05e8 chromedriver + 525800
7   chromedriver                        0x0000000102cf14b8 chromedriver + 529592
8   chromedriver                        0x0000000103030334 chromedriver + 3932980
9   chromedriver                        0x0000000103034970 chromedriver + 3950960
10  chromedriver                        0x0000000103018774 chromedriver + 3835764
11  chromedriver                        0x0000000103035478 chromedriver + 3953784
12  chromedriver                        0x000000010300aab4 chromedriver + 3779252
13  chromedriver                        0x0000000103051914 chromedriver + 4069652
14  chromedriver                        0x0000000103051a90 chromedriver + 4070032
15  chromedriver                        0x0000000103061c70 chromedriver + 4136048
16  libsystem_pthread.dylib             0x0000000191227fa8 _pthread_start + 148
17  libsystem_pthread.dylib             0x0000000191222da0 thread_start + 8
</status>
</test>
<test id="s1-s3-t15" name="Dashboard" line="145">
<kw name="Wait Until Element Is Enabled" library="SeleniumLibrary">
<arg>//*[@id="__next"]/section/main/div/div/section/aside/div/ul/li[5]/span/a</arg>
<doc>Waits until the element ``locator`` is enabled.</doc>
<msg timestamp="20231204 07:52:41.177" level="WARN">Keyword 'Capture Page Screenshot' could not be run on failure: Message: no such window: target window already closed
from unknown error: web view not found
  (Session info: chrome=119.0.6045.199)
Stacktrace:
0   chromedriver                        0x000000010306a004 chromedriver + 4169732
1   chromedriver                        0x0000000103061ff8 chromedriver + 4136952
2   chromedriver                        0x0000000102cb7500 chromedriver + 292096
3   chromedriver                        0x0000000102c902d8 chromedriver + 131800
4   chromedriver                        0x0000000102d23f68 chromedriver + 737128
5   chromedriver                        0x0000000102d36fac chromedriver + 815020
6   chromedriver                        0x0000000102cf05e8 chromedriver + 525800
7   chromedriver                        0x0000000102cf14b8 chromedriver + 529592
8   chromedriver                        0x0000000103030334 chromedriver + 3932980
9   chromedriver                        0x0000000103034970 chromedriver + 3950960
10  chromedriver                        0x0000000103018774 chromedriver + 3835764
11  chromedriver                        0x0000000103035478 chromedriver + 3953784
12  chromedriver                        0x000000010300aab4 chromedriver + 3779252
13  chromedriver                        0x0000000103051914 chromedriver + 4069652
14  chromedriver                        0x0000000103051a90 chromedriver + 4070032
15  chromedriver                        0x0000000103061c70 chromedriver + 4136048
16  libsystem_pthread.dylib             0x0000000191227fa8 _pthread_start + 148
17  libsystem_pthread.dylib             0x0000000191222da0 thread_start + 8
</msg>
<msg timestamp="20231204 07:52:41.177" level="FAIL">NoSuchWindowException: Message: no such window: target window already closed
from unknown error: web view not found
  (Session info: chrome=119.0.6045.199)
Stacktrace:
0   chromedriver                        0x000000010306a004 chromedriver + 4169732
1   chromedriver                        0x0000000103061ff8 chromedriver + 4136952
2   chromedriver                        0x0000000102cb7500 chromedriver + 292096
3   chromedriver                        0x0000000102c902d8 chromedriver + 131800
4   chromedriver                        0x0000000102d23f68 chromedriver + 737128
5   chromedriver                        0x0000000102d36fac chromedriver + 815020
6   chromedriver                        0x0000000102cf05e8 chromedriver + 525800
7   chromedriver                        0x0000000102cf14b8 chromedriver + 529592
8   chromedriver                        0x0000000103030334 chromedriver + 3932980
9   chromedriver                        0x0000000103034970 chromedriver + 3950960
10  chromedriver                        0x0000000103018774 chromedriver + 3835764
11  chromedriver                        0x0000000103035478 chromedriver + 3953784
12  chromedriver                        0x000000010300aab4 chromedriver + 3779252
13  chromedriver                        0x0000000103051914 chromedriver + 4069652
14  chromedriver                        0x0000000103051a90 chromedriver + 4070032
15  chromedriver                        0x0000000103061c70 chromedriver + 4136048
16  libsystem_pthread.dylib             0x0000000191227fa8 _pthread_start + 148
17  libsystem_pthread.dylib             0x0000000191222da0 thread_start + 8
</msg>
<status status="FAIL" starttime="20231204 07:52:41.175" endtime="20231204 07:52:41.178"/>
</kw>
<kw name="Click Element" library="SeleniumLibrary">
<arg>//*[@id="__next"]/section/main/div/div/section/aside/div/ul/li[5]/span/a</arg>
<doc>Click the element identified by ``locator``.</doc>
<status status="NOT RUN" starttime="20231204 07:52:41.178" endtime="20231204 07:52:41.178"/>
</kw>
<status status="FAIL" starttime="20231204 07:52:41.175" endtime="20231204 07:52:41.178">NoSuchWindowException: Message: no such window: target window already closed
from unknown error: web view not found
  (Session info: chrome=119.0.6045.199)
Stacktrace:
0   chromedriver                        0x000000010306a004 chromedriver + 4169732
1   chromedriver                        0x0000000103061ff8 chromedriver + 4136952
2   chromedriver                        0x0000000102cb7500 chromedriver + 292096
3   chromedriver                        0x0000000102c902d8 chromedriver + 131800
4   chromedriver                        0x0000000102d23f68 chromedriver + 737128
5   chromedriver                        0x0000000102d36fac chromedriver + 815020
6   chromedriver                        0x0000000102cf05e8 chromedriver + 525800
7   chromedriver                        0x0000000102cf14b8 chromedriver + 529592
8   chromedriver                        0x0000000103030334 chromedriver + 3932980
9   chromedriver                        0x0000000103034970 chromedriver + 3950960
10  chromedriver                        0x0000000103018774 chromedriver + 3835764
11  chromedriver                        0x0000000103035478 chromedriver + 3953784
12  chromedriver                        0x000000010300aab4 chromedriver + 3779252
13  chromedriver                        0x0000000103051914 chromedriver + 4069652
14  chromedriver                        0x0000000103051a90 chromedriver + 4070032
15  chromedriver                        0x0000000103061c70 chromedriver + 4136048
16  libsystem_pthread.dylib             0x0000000191227fa8 _pthread_start + 148
17  libsystem_pthread.dylib             0x0000000191222da0 thread_start + 8
</status>
</test>
<test id="s1-s3-t16" name="Dashboard - Lowongan" line="150">
<kw name="Wait Until Page Contains" library="SeleniumLibrary">
<arg>Daftar Lamaran</arg>
<doc>Waits until ``text`` appears on the current page.</doc>
<msg timestamp="20231204 07:52:41.179" level="WARN">Keyword 'Capture Page Screenshot' could not be run on failure: Message: no such window: target window already closed
from unknown error: web view not found
  (Session info: chrome=119.0.6045.199)
Stacktrace:
0   chromedriver                        0x000000010306a004 chromedriver + 4169732
1   chromedriver                        0x0000000103061ff8 chromedriver + 4136952
2   chromedriver                        0x0000000102cb7500 chromedriver + 292096
3   chromedriver                        0x0000000102c902d8 chromedriver + 131800
4   chromedriver                        0x0000000102d23f68 chromedriver + 737128
5   chromedriver                        0x0000000102d36fac chromedriver + 815020
6   chromedriver                        0x0000000102cf05e8 chromedriver + 525800
7   chromedriver                        0x0000000102cf14b8 chromedriver + 529592
8   chromedriver                        0x0000000103030334 chromedriver + 3932980
9   chromedriver                        0x0000000103034970 chromedriver + 3950960
10  chromedriver                        0x0000000103018774 chromedriver + 3835764
11  chromedriver                        0x0000000103035478 chromedriver + 3953784
12  chromedriver                        0x000000010300aab4 chromedriver + 3779252
13  chromedriver                        0x0000000103051914 chromedriver + 4069652
14  chromedriver                        0x0000000103051a90 chromedriver + 4070032
15  chromedriver                        0x0000000103061c70 chromedriver + 4136048
16  libsystem_pthread.dylib             0x0000000191227fa8 _pthread_start + 148
17  libsystem_pthread.dylib             0x0000000191222da0 thread_start + 8
</msg>
<msg timestamp="20231204 07:52:41.179" level="FAIL">NoSuchWindowException: Message: no such window: target window already closed
from unknown error: web view not found
  (Session info: chrome=119.0.6045.199)
Stacktrace:
0   chromedriver                        0x000000010306a004 chromedriver + 4169732
1   chromedriver                        0x0000000103061ff8 chromedriver + 4136952
2   chromedriver                        0x0000000102cb7500 chromedriver + 292096
3   chromedriver                        0x0000000102c902d8 chromedriver + 131800
4   chromedriver                        0x0000000102d23f68 chromedriver + 737128
5   chromedriver                        0x0000000102d36fac chromedriver + 815020
6   chromedriver                        0x0000000102cf05e8 chromedriver + 525800
7   chromedriver                        0x0000000102cf14b8 chromedriver + 529592
8   chromedriver                        0x0000000103030334 chromedriver + 3932980
9   chromedriver                        0x0000000103034970 chromedriver + 3950960
10  chromedriver                        0x0000000103018774 chromedriver + 3835764
11  chromedriver                        0x0000000103035478 chromedriver + 3953784
12  chromedriver                        0x000000010300aab4 chromedriver + 3779252
13  chromedriver                        0x0000000103051914 chromedriver + 4069652
14  chromedriver                        0x0000000103051a90 chromedriver + 4070032
15  chromedriver                        0x0000000103061c70 chromedriver + 4136048
16  libsystem_pthread.dylib             0x0000000191227fa8 _pthread_start + 148
17  libsystem_pthread.dylib             0x0000000191222da0 thread_start + 8
</msg>
<status status="FAIL" starttime="20231204 07:52:41.178" endtime="20231204 07:52:41.180"/>
</kw>
<status status="FAIL" starttime="20231204 07:52:41.178" endtime="20231204 07:52:41.180">NoSuchWindowException: Message: no such window: target window already closed
from unknown error: web view not found
  (Session info: chrome=119.0.6045.199)
Stacktrace:
0   chromedriver                        0x000000010306a004 chromedriver + 4169732
1   chromedriver                        0x0000000103061ff8 chromedriver + 4136952
2   chromedriver                        0x0000000102cb7500 chromedriver + 292096
3   chromedriver                        0x0000000102c902d8 chromedriver + 131800
4   chromedriver                        0x0000000102d23f68 chromedriver + 737128
5   chromedriver                        0x0000000102d36fac chromedriver + 815020
6   chromedriver                        0x0000000102cf05e8 chromedriver + 525800
7   chromedriver                        0x0000000102cf14b8 chromedriver + 529592
8   chromedriver                        0x0000000103030334 chromedriver + 3932980
9   chromedriver                        0x0000000103034970 chromedriver + 3950960
10  chromedriver                        0x0000000103018774 chromedriver + 3835764
11  chromedriver                        0x0000000103035478 chromedriver + 3953784
12  chromedriver                        0x000000010300aab4 chromedriver + 3779252
13  chromedriver                        0x0000000103051914 chromedriver + 4069652
14  chromedriver                        0x0000000103051a90 chromedriver + 4070032
15  chromedriver                        0x0000000103061c70 chromedriver + 4136048
16  libsystem_pthread.dylib             0x0000000191227fa8 _pthread_start + 148
17  libsystem_pthread.dylib             0x0000000191222da0 thread_start + 8
</status>
</test>
<test id="s1-s3-t17" name="Close Browser" line="153">
<kw name="Close Browser" library="SeleniumLibrary">
<doc>Closes the current browser.</doc>
<status status="PASS" starttime="20231204 07:52:41.181" endtime="20231204 07:52:41.273"/>
</kw>
<status status="PASS" starttime="20231204 07:52:41.180" endtime="20231204 07:52:41.273"/>
</test>
<status status="FAIL" starttime="20231204 07:52:26.914" endtime="20231204 07:52:41.274"/>
</suite>
<status status="FAIL" starttime="20231204 07:52:20.830" endtime="20231204 07:52:41.274"/>
</suite>
<statistics>
<total>
<stat pass="6" fail="14" skip="0">All Tests</stat>
</total>
<tag>
</tag>
<suite>
<stat pass="6" fail="14" skip="0" id="s1" name="Tests">Tests</stat>
<stat pass="1" fail="1" skip="0" id="s1-s1" name="Admin">Tests.Admin</stat>
<stat pass="1" fail="1" skip="0" id="s1-s1-s1" name="Login">Tests.Admin.Login</stat>
<stat pass="1" fail="0" skip="0" id="s1-s2" name="Browser">Tests.Browser</stat>
<stat pass="4" fail="13" skip="0" id="s1-s3" name="Landing Page">Tests.Landing Page</stat>
</suite>
</statistics>
<errors>
<msg timestamp="20231204 07:52:41.125" level="WARN">Keyword 'Capture Page Screenshot' could not be run on failure: Message: no such window: target window already closed
from unknown error: web view not found
  (Session info: chrome=119.0.6045.199)
Stacktrace:
0   chromedriver                        0x000000010306a004 chromedriver + 4169732
1   chromedriver                        0x0000000103061ff8 chromedriver + 4136952
2   chromedriver                        0x0000000102cb7500 chromedriver + 292096
3   chromedriver                        0x0000000102c902d8 chromedriver + 131800
4   chromedriver                        0x0000000102d23f68 chromedriver + 737128
5   chromedriver                        0x0000000102d36fac chromedriver + 815020
6   chromedriver                        0x0000000102cf05e8 chromedriver + 525800
7   chromedriver                        0x0000000102cf14b8 chromedriver + 529592
8   chromedriver                        0x0000000103030334 chromedriver + 3932980
9   chromedriver                        0x0000000103034970 chromedriver + 3950960
10  chromedriver                        0x0000000103018774 chromedriver + 3835764
11  chromedriver                        0x0000000103035478 chromedriver + 3953784
12  chromedriver                        0x000000010300aab4 chromedriver + 3779252
13  chromedriver                        0x0000000103051914 chromedriver + 4069652
14  chromedriver                        0x0000000103051a90 chromedriver + 4070032
15  chromedriver                        0x0000000103061c70 chromedriver + 4136048
16  libsystem_pthread.dylib             0x0000000191227fa8 _pthread_start + 148
17  libsystem_pthread.dylib             0x0000000191222da0 thread_start + 8
</msg>
<msg timestamp="20231204 07:52:41.135" level="WARN">Keyword 'Capture Page Screenshot' could not be run on failure: Message: no such window: target window already closed
from unknown error: web view not found
  (Session info: chrome=119.0.6045.199)
Stacktrace:
0   chromedriver                        0x000000010306a004 chromedriver + 4169732
1   chromedriver                        0x0000000103061ff8 chromedriver + 4136952
2   chromedriver                        0x0000000102cb7500 chromedriver + 292096
3   chromedriver                        0x0000000102c902d8 chromedriver + 131800
4   chromedriver                        0x0000000102d23f68 chromedriver + 737128
5   chromedriver                        0x0000000102d36fac chromedriver + 815020
6   chromedriver                        0x0000000102cf05e8 chromedriver + 525800
7   chromedriver                        0x0000000102cf14b8 chromedriver + 529592
8   chromedriver                        0x0000000103030334 chromedriver + 3932980
9   chromedriver                        0x0000000103034970 chromedriver + 3950960
10  chromedriver                        0x0000000103018774 chromedriver + 3835764
11  chromedriver                        0x0000000103035478 chromedriver + 3953784
12  chromedriver                        0x000000010300aab4 chromedriver + 3779252
13  chromedriver                        0x0000000103051914 chromedriver + 4069652
14  chromedriver                        0x0000000103051a90 chromedriver + 4070032
15  chromedriver                        0x0000000103061c70 chromedriver + 4136048
16  libsystem_pthread.dylib             0x0000000191227fa8 _pthread_start + 148
17  libsystem_pthread.dylib             0x0000000191222da0 thread_start + 8
</msg>
<msg timestamp="20231204 07:52:41.141" level="WARN">Keyword 'Capture Page Screenshot' could not be run on failure: Message: no such window: target window already closed
from unknown error: web view not found
  (Session info: chrome=119.0.6045.199)
Stacktrace:
0   chromedriver                        0x000000010306a004 chromedriver + 4169732
1   chromedriver                        0x0000000103061ff8 chromedriver + 4136952
2   chromedriver                        0x0000000102cb7500 chromedriver + 292096
3   chromedriver                        0x0000000102c902d8 chromedriver + 131800
4   chromedriver                        0x0000000102d23f68 chromedriver + 737128
5   chromedriver                        0x0000000102d36fac chromedriver + 815020
6   chromedriver                        0x0000000102cf05e8 chromedriver + 525800
7   chromedriver                        0x0000000102cf14b8 chromedriver + 529592
8   chromedriver                        0x0000000103030334 chromedriver + 3932980
9   chromedriver                        0x0000000103034970 chromedriver + 3950960
10  chromedriver                        0x0000000103018774 chromedriver + 3835764
11  chromedriver                        0x0000000103035478 chromedriver + 3953784
12  chromedriver                        0x000000010300aab4 chromedriver + 3779252
13  chromedriver                        0x0000000103051914 chromedriver + 4069652
14  chromedriver                        0x0000000103051a90 chromedriver + 4070032
15  chromedriver                        0x0000000103061c70 chromedriver + 4136048
16  libsystem_pthread.dylib             0x0000000191227fa8 _pthread_start + 148
17  libsystem_pthread.dylib             0x0000000191222da0 thread_start + 8
</msg>
<msg timestamp="20231204 07:52:41.147" level="WARN">Keyword 'Capture Page Screenshot' could not be run on failure: Message: no such window: target window already closed
from unknown error: web view not found
  (Session info: chrome=119.0.6045.199)
Stacktrace:
0   chromedriver                        0x000000010306a004 chromedriver + 4169732
1   chromedriver                        0x0000000103061ff8 chromedriver + 4136952
2   chromedriver                        0x0000000102cb7500 chromedriver + 292096
3   chromedriver                        0x0000000102c902d8 chromedriver + 131800
4   chromedriver                        0x0000000102d23f68 chromedriver + 737128
5   chromedriver                        0x0000000102d36fac chromedriver + 815020
6   chromedriver                        0x0000000102cf05e8 chromedriver + 525800
7   chromedriver                        0x0000000102cf14b8 chromedriver + 529592
8   chromedriver                        0x0000000103030334 chromedriver + 3932980
9   chromedriver                        0x0000000103034970 chromedriver + 3950960
10  chromedriver                        0x0000000103018774 chromedriver + 3835764
11  chromedriver                        0x0000000103035478 chromedriver + 3953784
12  chromedriver                        0x000000010300aab4 chromedriver + 3779252
13  chromedriver                        0x0000000103051914 chromedriver + 4069652
14  chromedriver                        0x0000000103051a90 chromedriver + 4070032
15  chromedriver                        0x0000000103061c70 chromedriver + 4136048
16  libsystem_pthread.dylib             0x0000000191227fa8 _pthread_start + 148
17  libsystem_pthread.dylib             0x0000000191222da0 thread_start + 8
</msg>
<msg timestamp="20231204 07:52:41.151" level="WARN">Keyword 'Capture Page Screenshot' could not be run on failure: Message: no such window: target window already closed
from unknown error: web view not found
  (Session info: chrome=119.0.6045.199)
Stacktrace:
0   chromedriver                        0x000000010306a004 chromedriver + 4169732
1   chromedriver                        0x0000000103061ff8 chromedriver + 4136952
2   chromedriver                        0x0000000102cb7500 chromedriver + 292096
3   chromedriver                        0x0000000102c902d8 chromedriver + 131800
4   chromedriver                        0x0000000102d23f68 chromedriver + 737128
5   chromedriver                        0x0000000102d36fac chromedriver + 815020
6   chromedriver                        0x0000000102cf05e8 chromedriver + 525800
7   chromedriver                        0x0000000102cf14b8 chromedriver + 529592
8   chromedriver                        0x0000000103030334 chromedriver + 3932980
9   chromedriver                        0x0000000103034970 chromedriver + 3950960
10  chromedriver                        0x0000000103018774 chromedriver + 3835764
11  chromedriver                        0x0000000103035478 chromedriver + 3953784
12  chromedriver                        0x000000010300aab4 chromedriver + 3779252
13  chromedriver                        0x0000000103051914 chromedriver + 4069652
14  chromedriver                        0x0000000103051a90 chromedriver + 4070032
15  chromedriver                        0x0000000103061c70 chromedriver + 4136048
16  libsystem_pthread.dylib             0x0000000191227fa8 _pthread_start + 148
17  libsystem_pthread.dylib             0x0000000191222da0 thread_start + 8
</msg>
<msg timestamp="20231204 07:52:41.155" level="WARN">Keyword 'Capture Page Screenshot' could not be run on failure: Message: no such window: target window already closed
from unknown error: web view not found
  (Session info: chrome=119.0.6045.199)
Stacktrace:
0   chromedriver                        0x000000010306a004 chromedriver + 4169732
1   chromedriver                        0x0000000103061ff8 chromedriver + 4136952
2   chromedriver                        0x0000000102cb7500 chromedriver + 292096
3   chromedriver                        0x0000000102c902d8 chromedriver + 131800
4   chromedriver                        0x0000000102d23f68 chromedriver + 737128
5   chromedriver                        0x0000000102d36fac chromedriver + 815020
6   chromedriver                        0x0000000102cf05e8 chromedriver + 525800
7   chromedriver                        0x0000000102cf14b8 chromedriver + 529592
8   chromedriver                        0x0000000103030334 chromedriver + 3932980
9   chromedriver                        0x0000000103034970 chromedriver + 3950960
10  chromedriver                        0x0000000103018774 chromedriver + 3835764
11  chromedriver                        0x0000000103035478 chromedriver + 3953784
12  chromedriver                        0x000000010300aab4 chromedriver + 3779252
13  chromedriver                        0x0000000103051914 chromedriver + 4069652
14  chromedriver                        0x0000000103051a90 chromedriver + 4070032
15  chromedriver                        0x0000000103061c70 chromedriver + 4136048
16  libsystem_pthread.dylib             0x0000000191227fa8 _pthread_start + 148
17  libsystem_pthread.dylib             0x0000000191222da0 thread_start + 8
</msg>
<msg timestamp="20231204 07:52:41.162" level="WARN">Keyword 'Capture Page Screenshot' could not be run on failure: Message: no such window: target window already closed
from unknown error: web view not found
  (Session info: chrome=119.0.6045.199)
Stacktrace:
0   chromedriver                        0x000000010306a004 chromedriver + 4169732
1   chromedriver                        0x0000000103061ff8 chromedriver + 4136952
2   chromedriver                        0x0000000102cb7500 chromedriver + 292096
3   chromedriver                        0x0000000102c902d8 chromedriver + 131800
4   chromedriver                        0x0000000102d23f68 chromedriver + 737128
5   chromedriver                        0x0000000102d36fac chromedriver + 815020
6   chromedriver                        0x0000000102cf05e8 chromedriver + 525800
7   chromedriver                        0x0000000102cf14b8 chromedriver + 529592
8   chromedriver                        0x0000000103030334 chromedriver + 3932980
9   chromedriver                        0x0000000103034970 chromedriver + 3950960
10  chromedriver                        0x0000000103018774 chromedriver + 3835764
11  chromedriver                        0x0000000103035478 chromedriver + 3953784
12  chromedriver                        0x000000010300aab4 chromedriver + 3779252
13  chromedriver                        0x0000000103051914 chromedriver + 4069652
14  chromedriver                        0x0000000103051a90 chromedriver + 4070032
15  chromedriver                        0x0000000103061c70 chromedriver + 4136048
16  libsystem_pthread.dylib             0x0000000191227fa8 _pthread_start + 148
17  libsystem_pthread.dylib             0x0000000191222da0 thread_start + 8
</msg>
<msg timestamp="20231204 07:52:41.164" level="WARN">Multiple tests with name 'Dashboard' executed in suite 'Tests.Landing Page'.</msg>
<msg timestamp="20231204 07:52:41.165" level="WARN">Keyword 'Capture Page Screenshot' could not be run on failure: Message: no such window: target window already closed
from unknown error: web view not found
  (Session info: chrome=119.0.6045.199)
Stacktrace:
0   chromedriver                        0x000000010306a004 chromedriver + 4169732
1   chromedriver                        0x0000000103061ff8 chromedriver + 4136952
2   chromedriver                        0x0000000102cb7500 chromedriver + 292096
3   chromedriver                        0x0000000102c902d8 chromedriver + 131800
4   chromedriver                        0x0000000102d23f68 chromedriver + 737128
5   chromedriver                        0x0000000102d36fac chromedriver + 815020
6   chromedriver                        0x0000000102cf05e8 chromedriver + 525800
7   chromedriver                        0x0000000102cf14b8 chromedriver + 529592
8   chromedriver                        0x0000000103030334 chromedriver + 3932980
9   chromedriver                        0x0000000103034970 chromedriver + 3950960
10  chromedriver                        0x0000000103018774 chromedriver + 3835764
11  chromedriver                        0x0000000103035478 chromedriver + 3953784
12  chromedriver                        0x000000010300aab4 chromedriver + 3779252
13  chromedriver                        0x0000000103051914 chromedriver + 4069652
14  chromedriver                        0x0000000103051a90 chromedriver + 4070032
15  chromedriver                        0x0000000103061c70 chromedriver + 4136048
16  libsystem_pthread.dylib             0x0000000191227fa8 _pthread_start + 148
17  libsystem_pthread.dylib             0x0000000191222da0 thread_start + 8
</msg>
<msg timestamp="20231204 07:52:41.168" level="WARN">Keyword 'Capture Page Screenshot' could not be run on failure: Message: no such window: target window already closed
from unknown error: web view not found
  (Session info: chrome=119.0.6045.199)
Stacktrace:
0   chromedriver                        0x000000010306a004 chromedriver + 4169732
1   chromedriver                        0x0000000103061ff8 chromedriver + 4136952
2   chromedriver                        0x0000000102cb7500 chromedriver + 292096
3   chromedriver                        0x0000000102c902d8 chromedriver + 131800
4   chromedriver                        0x0000000102d23f68 chromedriver + 737128
5   chromedriver                        0x0000000102d36fac chromedriver + 815020
6   chromedriver                        0x0000000102cf05e8 chromedriver + 525800
7   chromedriver                        0x0000000102cf14b8 chromedriver + 529592
8   chromedriver                        0x0000000103030334 chromedriver + 3932980
9   chromedriver                        0x0000000103034970 chromedriver + 3950960
10  chromedriver                        0x0000000103018774 chromedriver + 3835764
11  chromedriver                        0x0000000103035478 chromedriver + 3953784
12  chromedriver                        0x000000010300aab4 chromedriver + 3779252
13  chromedriver                        0x0000000103051914 chromedriver + 4069652
14  chromedriver                        0x0000000103051a90 chromedriver + 4070032
15  chromedriver                        0x0000000103061c70 chromedriver + 4136048
16  libsystem_pthread.dylib             0x0000000191227fa8 _pthread_start + 148
17  libsystem_pthread.dylib             0x0000000191222da0 thread_start + 8
</msg>
<msg timestamp="20231204 07:52:41.172" level="WARN">Keyword 'Capture Page Screenshot' could not be run on failure: Message: no such window: target window already closed
from unknown error: web view not found
  (Session info: chrome=119.0.6045.199)
Stacktrace:
0   chromedriver                        0x000000010306a004 chromedriver + 4169732
1   chromedriver                        0x0000000103061ff8 chromedriver + 4136952
2   chromedriver                        0x0000000102cb7500 chromedriver + 292096
3   chromedriver                        0x0000000102c902d8 chromedriver + 131800
4   chromedriver                        0x0000000102d23f68 chromedriver + 737128
5   chromedriver                        0x0000000102d36fac chromedriver + 815020
6   chromedriver                        0x0000000102cf05e8 chromedriver + 525800
7   chromedriver                        0x0000000102cf14b8 chromedriver + 529592
8   chromedriver                        0x0000000103030334 chromedriver + 3932980
9   chromedriver                        0x0000000103034970 chromedriver + 3950960
10  chromedriver                        0x0000000103018774 chromedriver + 3835764
11  chromedriver                        0x0000000103035478 chromedriver + 3953784
12  chromedriver                        0x000000010300aab4 chromedriver + 3779252
13  chromedriver                        0x0000000103051914 chromedriver + 4069652
14  chromedriver                        0x0000000103051a90 chromedriver + 4070032
15  chromedriver                        0x0000000103061c70 chromedriver + 4136048
16  libsystem_pthread.dylib             0x0000000191227fa8 _pthread_start + 148
17  libsystem_pthread.dylib             0x0000000191222da0 thread_start + 8
</msg>
<msg timestamp="20231204 07:52:41.175" level="WARN">Multiple tests with name 'Dashboard' executed in suite 'Tests.Landing Page'.</msg>
<msg timestamp="20231204 07:52:41.177" level="WARN">Keyword 'Capture Page Screenshot' could not be run on failure: Message: no such window: target window already closed
from unknown error: web view not found
  (Session info: chrome=119.0.6045.199)
Stacktrace:
0   chromedriver                        0x000000010306a004 chromedriver + 4169732
1   chromedriver                        0x0000000103061ff8 chromedriver + 4136952
2   chromedriver                        0x0000000102cb7500 chromedriver + 292096
3   chromedriver                        0x0000000102c902d8 chromedriver + 131800
4   chromedriver                        0x0000000102d23f68 chromedriver + 737128
5   chromedriver                        0x0000000102d36fac chromedriver + 815020
6   chromedriver                        0x0000000102cf05e8 chromedriver + 525800
7   chromedriver                        0x0000000102cf14b8 chromedriver + 529592
8   chromedriver                        0x0000000103030334 chromedriver + 3932980
9   chromedriver                        0x0000000103034970 chromedriver + 3950960
10  chromedriver                        0x0000000103018774 chromedriver + 3835764
11  chromedriver                        0x0000000103035478 chromedriver + 3953784
12  chromedriver                        0x000000010300aab4 chromedriver + 3779252
13  chromedriver                        0x0000000103051914 chromedriver + 4069652
14  chromedriver                        0x0000000103051a90 chromedriver + 4070032
15  chromedriver                        0x0000000103061c70 chromedriver + 4136048
16  libsystem_pthread.dylib             0x0000000191227fa8 _pthread_start + 148
17  libsystem_pthread.dylib             0x0000000191222da0 thread_start + 8
</msg>
<msg timestamp="20231204 07:52:41.179" level="WARN">Keyword 'Capture Page Screenshot' could not be run on failure: Message: no such window: target window already closed
from unknown error: web view not found
  (Session info: chrome=119.0.6045.199)
Stacktrace:
0   chromedriver                        0x000000010306a004 chromedriver + 4169732
1   chromedriver                        0x0000000103061ff8 chromedriver + 4136952
2   chromedriver                        0x0000000102cb7500 chromedriver + 292096
3   chromedriver                        0x0000000102c902d8 chromedriver + 131800
4   chromedriver                        0x0000000102d23f68 chromedriver + 737128
5   chromedriver                        0x0000000102d36fac chromedriver + 815020
6   chromedriver                        0x0000000102cf05e8 chromedriver + 525800
7   chromedriver                        0x0000000102cf14b8 chromedriver + 529592
8   chromedriver                        0x0000000103030334 chromedriver + 3932980
9   chromedriver                        0x0000000103034970 chromedriver + 3950960
10  chromedriver                        0x0000000103018774 chromedriver + 3835764
11  chromedriver                        0x0000000103035478 chromedriver + 3953784
12  chromedriver                        0x000000010300aab4 chromedriver + 3779252
13  chromedriver                        0x0000000103051914 chromedriver + 4069652
14  chromedriver                        0x0000000103051a90 chromedriver + 4070032
15  chromedriver                        0x0000000103061c70 chromedriver + 4136048
16  libsystem_pthread.dylib             0x0000000191227fa8 _pthread_start + 148
17  libsystem_pthread.dylib             0x0000000191222da0 thread_start + 8
</msg>
</errors>
</robot>
